#
# A fatal error has been detected by the Java Runtime Environment:
#
#  Internal Error (jvmciRuntime.cpp:1609), pid=22, tid=36
#  fatal error: Fatal exception in JVMCI: Error calling jdk.vm.ci.services.Services.serializeSavedProperties
#
# JRE version: OpenJDK Runtime Environment GraalVM CE 22.3.0 (17.0.5+8) (build 17.0.5+8-jvmci-22.3-b08)
# Java VM: OpenJDK 64-Bit Server VM GraalVM CE 22.3.0 (17.0.5+8-jvmci-22.3-b08, mixed mode, sharing, tiered, jvmci, jvmci compiler, compressed oops, compressed class ptrs, parallel gc, linux-amd64)
# Problematic frame:
# V  [libjvm.so+0x972714]  JVMCIRuntime::fatal_exception(JVMCIEnv*, char const*)+0x74
#
# Core dump will be written. Default location: Core dumps may be processed with "/usr/share/apport/apport -p%p -s%s -c%c -d%d -P%P -u%u -g%g -- %E" (or dumping to /home/runner/TrabalhoPOO/core.22)
#
# If you would like to submit a bug report, please visit:
#   https://github.com/oracle/graal/issues
#

---------------  S U M M A R Y ------------

Command Line: -XX:ThreadPriorityPolicy=1 -XX:+UnlockExperimentalVMOptions -XX:+EnableJVMCIProduct -XX:JVMCIThreadsPerNativeLibraryRuntime=1 -XX:-UnlockExperimentalVMOptions -Declipse.application=org.eclipse.jdt.ls.core.id1 -Dosgi.bundles.defaultStartLevel=4 -Declipse.product=org.eclipse.jdt.ls.core.product -Dlog.level=ALL -Xverify:none -XX:+UseParallelGC -XX:GCTimeRatio=4 -XX:AdaptiveSizePolicyWeight=90 -Dsun.zip.disableMemoryMapping=true -Xmx512m -Xms100m /nix/store/m6gcpi1ii6rghy04cjwjddcavv7i90df-jdt-language-server-1.9.0/share/java/plugins/org.eclipse.equinox.launcher_1.6.400.v20210924-0641.jar --add-modules=ALL-SYSTEM --add-opens java.base/java.util=ALL-UNNAMED --add-opens java.base/java.lang=ALL-UNNAMED -configuration /home/runner/.cache/jdt-language-server/config -data /home/runner/.cache/jdt-language-server/data/home/runner/TrabalhoPOO

Host: AMD EPYC 7B12, 8 cores, 1G, Ubuntu 20.04.2 LTS
Time: Sun Jan 29 02:43:59 2023 UTC elapsed time: 740.022946 seconds (0d 0h 12m 20s)

---------------  T H R E A D  ---------------

Current thread (0x00007fa0e00b2210):  JavaThread "JVMCI-native CompilerThread0" daemon [_thread_in_vm, id=36, stack(0x00007fa0c5700000,0x00007fa0c5900000)]


Current CompileTask:
JVMCI-native: 740023 6083  s    4       java.lang.StringBuffer::append (13 bytes)

Stack: [0x00007fa0c5700000,0x00007fa0c5900000],  sp=0x00007fa0c58fe380,  free space=2040k
Native frames: (J=compiled Java code, j=interpreted, Vv=VM code, C=native code)
V  [libjvm.so+0x972714]  JVMCIRuntime::fatal_exception(JVMCIEnv*, char const*)+0x74
V  [libjvm.so+0x93e2fe]  JVMCIEnv::copy_saved_properties()+0x14e
V  [libjvm.so+0x9732a9]  JVMCIRuntime::initialize(JVMCIEnv*)+0xb19
V  [libjvm.so+0x9738a2]  JVMCIRuntime::get_HotSpotJVMCIRuntime(JVMCIEnv*)+0x12
V  [libjvm.so+0x9749f2]  JVMCIRuntime::compile_method(JVMCIEnv*, JVMCICompiler*, methodHandle const&, int)+0xd2
V  [libjvm.so+0x5b0d20]  CompileBroker::invoke_compiler_on_method(CompileTask*)+0x1470
V  [libjvm.so+0x5b12e8]  CompileBroker::compiler_thread_loop()+0x528
V  [libjvm.so+0xd82460]  JavaThread::thread_main_inner()+0xd0
V  [libjvm.so+0xd85a40]  Thread::call_run()+0xc0
V  [libjvm.so+0xbdb1e1]  thread_native_entry(Thread*)+0xe1

Register to memory mapping:

RAX=0x00007fa0e5437000 points into unknown readable memory: 0x0000000000000058 | 58 00 00 00 00 00 00 00
RBX=0x00007fa0e6532398: <offset 0x0000000000ef5398> in /nix/store/gpxl5qgg8kicmcvivwmybwjlpf7wh20l-graalvm17-ce-22.3.0/lib/server/libjvm.so at 0x00007fa0e563d000
RCX=0x00007fa0e64ea1e8: <offset 0x0000000000ead1e8> in /nix/store/gpxl5qgg8kicmcvivwmybwjlpf7wh20l-graalvm17-ce-22.3.0/lib/server/libjvm.so at 0x00007fa0e563d000
RDX=0x0000000000000649 is an unknown value
RSP=0x00007fa0c58fe380 is pointing into the stack for thread: 0x00007fa0e00b2210
RBP=0x00007fa0c58fe3a0 is pointing into the stack for thread: 0x00007fa0e00b2210
RSI=0x00007fa0e6532c48: <offset 0x0000000000ef5c48> in /nix/store/gpxl5qgg8kicmcvivwmybwjlpf7wh20l-graalvm17-ce-22.3.0/lib/server/libjvm.so at 0x00007fa0e563d000
RDI=0x00000000e0000000 is an oop: [B 
{0x00000000e0000000} - klass: {type array byte}
 - length: 58
R8 =0x00007fa0e6532398: <offset 0x0000000000ef5398> in /nix/store/gpxl5qgg8kicmcvivwmybwjlpf7wh20l-graalvm17-ce-22.3.0/lib/server/libjvm.so at 0x00007fa0e563d000
R9 =0x0000000000000003 is an unknown value
R10=0x00007fa0e6883da0: <offset 0x0000000001246da0> in /nix/store/gpxl5qgg8kicmcvivwmybwjlpf7wh20l-graalvm17-ce-22.3.0/lib/server/libjvm.so at 0x00007fa0e563d000
R11=0x000000080044f048 is pointing into metadata
R12=0x0 is NULL
R13=0x00007fa0e00b2210 is a thread
R14=0x00007fa0e0000b80 points into unknown readable memory: 0x00007fa0e6763a38 | 38 3a 76 e6 a0 7f 00 00
R15=0x00007fa0e6871e40: <offset 0x0000000001234e40> in /nix/store/gpxl5qgg8kicmcvivwmybwjlpf7wh20l-graalvm17-ce-22.3.0/lib/server/libjvm.so at 0x00007fa0e563d000


Registers:
RAX=0x00007fa0e5437000, RBX=0x00007fa0e6532398, RCX=0x00007fa0e64ea1e8, RDX=0x0000000000000649
RSP=0x00007fa0c58fe380, RBP=0x00007fa0c58fe3a0, RSI=0x00007fa0e6532c48, RDI=0x00000000e0000000
R8 =0x00007fa0e6532398, R9 =0x0000000000000003, R10=0x00007fa0e6883da0, R11=0x000000080044f048
R12=0x0000000000000000, R13=0x00007fa0e00b2210, R14=0x00007fa0e0000b80, R15=0x00007fa0e6871e40
RIP=0x00007fa0e5faf714, EFLAGS=0x0000000000010206, CSGSFS=0x002b000000000033, ERR=0x0000000000000006
  TRAPNO=0x000000000000000e

Top of Stack: (sp=0x00007fa0c58fe380)
0x00007fa0c58fe380:   00007fa0c58fe940 00007fa0e00b2210
0x00007fa0c58fe390:   00007fa0e4dc88c8 0000000800c417a0
0x00007fa0c58fe3a0:   00007fa0c58fe500 00007fa0e5f7b2fe
0x00007fa0c58fe3b0:   00007fa0c58fe3e0 00007fa0c58fe440 

Instructions: (pc=0x00007fa0e5faf714)
0x00007fa0e5faf614:   30 e8 f6 cf e8 ff 4c 89 e7 e8 2e 48 d1 ff 84 db
0x00007fa0e5faf624:   75 2a 4d 85 ed 74 04 4d 8b 6d 00 48 83 c4 08 44
0x00007fa0e5faf634:   89 f9 4c 89 f2 4c 89 ee 5b 4c 89 e7 41 5c 41 5d
0x00007fa0e5faf644:   41 5e 41 5f 5d e9 e2 47 d1 ff 66 90 48 83 c4 08
0x00007fa0e5faf654:   5b 41 5c 41 5d 41 5e 41 5f 5d c3 90 31 d2 be 08
0x00007fa0e5faf664:   00 00 00 4c 89 ff e8 b1 78 a3 ff 49 89 c5 e9 37
0x00007fa0e5faf674:   ff ff ff 66 0f 1f 84 00 00 00 00 00 48 8b 7a 08
0x00007fa0e5faf684:   e9 6d ff ff ff 0f 1f 80 00 00 00 00 e8 5b 48 0a
0x00007fa0e5faf694:   00 84 c0 75 89 e9 6a ff ff ff 66 90 55 48 89 e5
0x00007fa0e5faf6a4:   41 56 41 55 41 54 49 89 fc 53 48 89 f3 66 48 8d
0x00007fa0e5faf6b4:   3d 27 5e 85 00 66 66 48 e8 df 43 8d ff 4c 8b 28
0x00007fa0e5faf6c4:   8b 05 be 72 8a 00 85 c0 75 14 ba 01 00 00 00 48
0x00007fa0e5faf6d4:   8d 0d ae 72 8a 00 f0 0f b1 11 85 c0 74 4e be c8
0x00007fa0e5faf6e4:   00 00 00 4c 89 ef e8 01 0b 41 00 48 8d 05 12 ac
0x00007fa0e5faf6f4:   85 00 49 89 d8 48 8d 0d e8 aa 53 00 ba 49 06 00
0x00007fa0e5faf704:   00 48 8d 35 3c 35 58 00 bf 00 00 00 e0 48 8b 00
0x00007fa0e5faf714:   c6 00 58 31 c0 e8 e2 91 c6 ff 5b 41 5c 41 5d 41
0x00007fa0e5faf724:   5e 5d e9 55 34 26 00 0f 1f 44 00 00 48 8d 05 81
0x00007fa0e5faf734:   a3 8b 00 48 89 df 4c 8b 30 e8 9e 43 8d ff 48 89
0x00007fa0e5faf744:   de 48 89 c2 49 8b 06 4c 89 f7 ff 50 08 4c 89 f7
0x00007fa0e5faf754:   e8 a7 5c 27 00 4d 85 e4 74 12 be 01 00 00 00 4c
0x00007fa0e5faf764:   89 e7 e8 35 43 fc ff eb 82 0f 1f 00 be 01 00 00
0x00007fa0e5faf774:   00 4c 89 ef e8 d3 fd ff ff e9 6d ff ff ff 66 66
0x00007fa0e5faf784:   2e 0f 1f 84 00 00 00 00 00 0f 1f 00 55 48 89 e5
0x00007fa0e5faf794:   41 57 41 56 41 55 41 54 53 48 81 ec 08 02 00 00
0x00007fa0e5faf7a4:   64 48 8b 04 25 28 00 00 00 48 89 45 c8 8b 07 83
0x00007fa0e5faf7b4:   f8 02 0f 84 11 04 00 00 4c 8b 6f 18 49 89 ff 49
0x00007fa0e5faf7c4:   89 f4 4d 85 ed 74 14 4c 89 ef e8 5d 57 22 00 41
0x00007fa0e5faf7d4:   8b 07 83 f8 02 0f 84 19 04 00 00 48 8d 1d 9a 06
0x00007fa0e5faf7e4:   8a 00 4c 8d 35 0b 3c 58 00 eb 38 90 48 85 d2 7f
0x00007fa0e5faf7f4:   0d 48 8d 05 b4 c0 85 00 48 83 38 00 7e 0e 41 8b
0x00007fa0e5faf804:   77 2c 4c 89 f7 31 c0 e8 a0 b2 f7 ff 49 8b 7f 18 


Stack slot to memory mapping:
stack at sp + 0 slots: 0x00007fa0c58fe940 is pointing into the stack for thread: 0x00007fa0e00b2210
stack at sp + 1 slots: 0x00007fa0e00b2210 is a thread
stack at sp + 2 slots: 0x00007fa0e4dc88c8 points into unknown readable memory: 0x6573001880c9ffff | ff ff c9 80 18 00 73 65
stack at sp + 3 slots: 0x0000000800c417a0 is a pointer to class: 
jdk.vm.ci.services.Services {0x0000000800c417a0}
 - instance size:     2
 - klass size:        65
 - access:            public final synchronized 
 - state:             fully_initialized
 - name:              'jdk/vm/ci/services/Services'
 - super:             'java/lang/Object'
 - sub:               
 - arrays:            NULL
 - methods:           Array<T>(0x00007fa0c5c42600)
 - method ordering:   Array<T>(0x0000000800928960)
 - default_methods:   Array<T>(0x0000000000000000)
 - local interfaces:  Array<T>(0x00000008005ce810)
 - trans. interfaces: Array<T>(0x00000008005ce810)
 - constants:         constant pool [427] {0x00007fa0c5c416e0} for 'jdk/vm/ci/services/Services' cache=0x00007fa0c5c438d0
 - class loader data:  loader data: 0x00007fa0e00283f0 of 'bootstrap'
 - source file:       'Services.java'
 - class annotations:       Array<T>(0x0000000000000000)
 - class type annotations:  Array<T>(0x0000000000000000)
 - field annotations:       Array<T>(0x0000000000000000)
 - field type annotations:  Array<T>(0x0000000000000000)
 - inner classes:     Array<T>(0x00007fa0c5c438a0)
 - nest members:     Array<T>(0x00007fa0c5c438c0)
 - permitted subclasses:     Array<T>(0x00000008005ce7a0)
 - java mirror:       a 'java/lang/Class'{0x00000000e017d8e8} = 'jdk/vm/ci/services/Services'
 - vtable length      5  (start addr: 0x0000000800c41970)
 - itable length      2 (start addr: 0x0000000800c41998)
 - ---- static fields (3 words):
 - public static final 'IS_BUILDING_NATIVE_IMAGE' 'Z' @128 
 - public static final 'IS_IN_NATIVE_IMAGE' 'Z' @129 
 - private static volatile 'savedProperties' 'Ljava/util/Map;' @112 
 - static final 'JVMCI_ENABLED' 'Z' @130 
 - private static final 'servicesCache' 'Ljava/util/Map;' @116 
 - private static final 'MAX_UNICODE_IN_UTF8_LENGTH' 'I' @120 
 - private static final 'MAX_UTF8_PROPERTY_STRING_LENGTH' 'I' @124 
 - ---- non-static fields (0 words):
 - non-static oop maps: 
stack at sp + 4 slots: 0x00007fa0c58fe500 is pointing into the stack for thread: 0x00007fa0e00b2210
stack at sp + 5 slots: 0x00007fa0e5f7b2fe: <offset 0x000000000093e2fe> in /nix/store/gpxl5qgg8kicmcvivwmybwjlpf7wh20l-graalvm17-ce-22.3.0/lib/server/libjvm.so at 0x00007fa0e563d000
stack at sp + 6 slots: 0x00007fa0c58fe3e0 is pointing into the stack for thread: 0x00007fa0e00b2210
stack at sp + 7 slots: 0x00007fa0c58fe440 is pointing into the stack for thread: 0x00007fa0e00b2210


---------------  P R O C E S S  ---------------

Threads class SMR info:
_java_thread_list=0x00007fa0480c6fa0, length=24, elements={
0x00007fa0e0026690, 0x00007fa0e00a64d0, 0x00007fa0e00a7910, 0x00007fa0e00ae080,
0x00007fa0e00af430, 0x00007fa0e00b0820, 0x00007fa0e00b2210, 0x00007fa0e00b3720,
0x00007fa0e00b4b70, 0x00007fa0e00d7ea0, 0x00007fa0e011faa0, 0x00007fa0e031ade0,
0x00007fa0e034df30, 0x00007fa0e0350820, 0x00007fa0e0616340, 0x00007fa07402a760,
0x00007fa0742b1560, 0x00007fa074315460, 0x00007fa074494f40, 0x00007fa074661a40,
0x00007fa0e0428180, 0x00007fa0680074f0, 0x00007fa0e03c2630, 0x00007fa05c317ea0
}

Java Threads: ( => current thread )
  0x00007fa0e0026690 JavaThread "main" [_thread_blocked, id=28, stack(0x00007fa0e5458000,0x00007fa0e5558000)]
  0x00007fa0e00a64d0 JavaThread "Reference Handler" daemon [_thread_blocked, id=31, stack(0x00007fa0e446f000,0x00007fa0e456f000)]
  0x00007fa0e00a7910 JavaThread "Finalizer" daemon [_thread_blocked, id=32, stack(0x00007fa0e436f000,0x00007fa0e446f000)]
  0x00007fa0e00ae080 JavaThread "Signal Dispatcher" daemon [_thread_blocked, id=33, stack(0x00007fa0c5b00000,0x00007fa0c5c00000)]
  0x00007fa0e00af430 JavaThread "Service Thread" daemon [_thread_blocked, id=34, stack(0x00007fa0c5a00000,0x00007fa0c5b00000)]
  0x00007fa0e00b0820 JavaThread "Monitor Deflation Thread" daemon [_thread_blocked, id=35, stack(0x00007fa0c5900000,0x00007fa0c5a00000)]
=>0x00007fa0e00b2210 JavaThread "JVMCI-native CompilerThread0" daemon [_thread_in_vm, id=36, stack(0x00007fa0c5700000,0x00007fa0c5900000)]
  0x00007fa0e00b3720 JavaThread "C1 CompilerThread0" daemon [_thread_blocked, id=37, stack(0x00007fa0c5500000,0x00007fa0c5700000)]
  0x00007fa0e00b4b70 JavaThread "Sweeper thread" daemon [_thread_blocked, id=38, stack(0x00007fa0c5400000,0x00007fa0c5500000)]
  0x00007fa0e00d7ea0 JavaThread "Common-Cleaner" daemon [_thread_blocked, id=40, stack(0x00007fa0c5300000,0x00007fa0c5400000)]
  0x00007fa0e011faa0 JavaThread "Notification Thread" daemon [_thread_blocked, id=42, stack(0x00007fa0c5200000,0x00007fa0c5300000)]
  0x00007fa0e031ade0 JavaThread "Active Thread: Equinox Container: 3d487f66-71d5-40c1-aa71-e20317e0a06b" [_thread_blocked, id=46, stack(0x00007fa0c4e00000,0x00007fa0c4f00000)]
  0x00007fa0e034df30 JavaThread "Framework Event Dispatcher: Equinox Container: 3d487f66-71d5-40c1-aa71-e20317e0a06b" daemon [_thread_blocked, id=47, stack(0x00007fa0c4c00000,0x00007fa0c4d00000)]
  0x00007fa0e0350820 JavaThread "Start Level: Equinox Container: 3d487f66-71d5-40c1-aa71-e20317e0a06b" daemon [_thread_blocked, id=48, stack(0x00007fa0c4a00000,0x00007fa0c4b00000)]
  0x00007fa0e0616340 JavaThread "Refresh Thread: Equinox Container: 3d487f66-71d5-40c1-aa71-e20317e0a06b" daemon [_thread_blocked, id=49, stack(0x00007fa0c4800000,0x00007fa0c4900000)]
  0x00007fa07402a760 JavaThread "SCR Component Actor" daemon [_thread_blocked, id=50, stack(0x00007fa0c4600000,0x00007fa0c4700000)]
  0x00007fa0742b1560 JavaThread "Worker-JM" [_thread_blocked, id=52, stack(0x00007fa0c4200000,0x00007fa0c4300000)]
  0x00007fa074315460 JavaThread "Worker-0" [_thread_blocked, id=53, stack(0x00007fa0c4000000,0x00007fa0c4100000)]
  0x00007fa074494f40 JavaThread "Java indexing" daemon [_thread_blocked, id=55, stack(0x00007fa08c700000,0x00007fa08c800000)]
  0x00007fa074661a40 JavaThread "Bundle File Closer" daemon [_thread_blocked, id=56, stack(0x00007fa08c500000,0x00007fa08c600000)]
  0x00007fa0e0428180 JavaThread "pool-3-thread-1" [_thread_blocked, id=57, stack(0x00007fa08c300000,0x00007fa08c400000)]
  0x00007fa0680074f0 JavaThread "Worker-2: Java indexing... " [_thread_blocked, id=58, stack(0x00007fa08c100000,0x00007fa08c200000)]
  0x00007fa0e03c2630 JavaThread "pool-2-thread-1" [_thread_in_native, id=59, stack(0x00007fa08bf00000,0x00007fa08c000000)]
  0x00007fa05c317ea0 JavaThread "Worker-5" [_thread_blocked, id=64, stack(0x00007fa08b900000,0x00007fa08ba00000)]

Other Threads:
  0x00007fa0e00a1c10 VMThread "VM Thread" [stack: 0x00007fa0e4571000,0x00007fa0e4671000] [id=30] _threads_hazard_ptr=0x00007fa0480c6fa0
  0x00007fa0e0121440 WatcherThread [stack: 0x00007fa0c5100000,0x00007fa0c5200000] [id=43]
  0x00007fa0e003df30 GCTaskThread "GC Thread#0" [stack: 0x00007fa0e501b000,0x00007fa0e511b000] [id=29]

Threads with active compile tasks:
JVMCI-native CompilerThread0   740117 6083  s    4       java.lang.StringBuffer::append (13 bytes)

VM state: synchronizing (normal execution)

VM Mutex/Monitor currently owned by a thread:  ([mutex/lock_event])
[0x00007fa0e0023840] Threads_lock - owner thread: 0x00007fa0e00a1c10
[0x00007fa0e0023ff0] Heap_lock - owner thread: 0x00007fa074494f40

OutOfMemory and StackOverflow Exception counts:
OutOfMemoryError java_heap_errors=1
LinkageErrors=38

Heap address: 0x00000000e0000000, size: 512 MB, Compressed Oops mode: 32-bit

CDS archive(s) mapped at: [0x0000000800000000-0x0000000800bc8000-0x0000000800bc8000), size 12353536, SharedBaseAddress: 0x0000000800000000, ArchiveRelocationMode: 0.
Compressed class space mapped at: 0x0000000800c00000-0x0000000840c00000, reserved size: 1073741824
Narrow klass base: 0x0000000800000000, Narrow klass shift: 0, Narrow klass range: 0x100000000

GC Precious Log:
 CPUs: 8 total, 1 available
 Memory: 1024M
 Large Page Support: Disabled
 NUMA Support: Disabled
 Compressed Oops: Enabled (32-bit)
 Alignments: Space 512K, Generation 512K, Heap 2M
 Heap Min Capacity: 100M
 Heap Initial Capacity: 100M
 Heap Max Capacity: 512M
 Pre-touch: Disabled
 Parallel Workers: 1

Heap:
 PSYoungGen      total 51200K, used 36352K [0x00000000f5580000, 0x00000000f9900000, 0x0000000100000000)
  eden space 36352K, 100% used [0x00000000f5580000,0x00000000f7900000,0x00000000f7900000)
  from space 14848K, 0% used [0x00000000f7900000,0x00000000f7900000,0x00000000f8780000)
  to   space 14848K, 0% used [0x00000000f8800000,0x00000000f8800000,0x00000000f9680000)
 ParOldGen       total 349696K, used 349693K [0x00000000e0000000, 0x00000000f5580000, 0x00000000f5580000)
  object space 349696K, 99% used [0x00000000e0000000,0x00000000f557f5d8,0x00000000f5580000)
 Metaspace       used 43595K, committed 44416K, reserved 1089536K
  class space    used 4481K, committed 4800K, reserved 1048576K

Card table byte_map: [0x00007fa0e511b000,0x00007fa0e521c000] _byte_map_base: 0x00007fa0e4a1b000

Marking Bits: (ParMarkBitMap*) 0x00007fa0e686b4c0
 Begin Bits: [0x00007fa0c64b3000, 0x00007fa0c6cb3000)
 End Bits:   [0x00007fa0c6cb3000, 0x00007fa0c74b3000)

Polling page: 0x00007fa0e5435000

Metaspace:

Usage:
  Non-class:     38.20 MB used.
      Class:      4.38 MB used.
       Both:     42.57 MB used.

Virtual space:
  Non-class space:       40.00 MB reserved,      38.69 MB ( 97%) committed,  5 nodes.
      Class space:        1.00 GB reserved,       4.69 MB ( <1%) committed,  1 nodes.
             Both:        1.04 GB reserved,      43.38 MB (  4%) committed. 

Chunk freelists:
   Non-Class:  1.20 MB
       Class:  3.32 MB
        Both:  4.52 MB

MaxMetaspaceSize: unlimited
CompressedClassSpaceSize: 1.00 GB
Initial GC threshold: 21.00 MB
Current GC threshold: 72.12 MB
CDS: on
MetaspaceReclaimPolicy: balanced
 - commit_granule_bytes: 65536.
 - commit_granule_words: 8192.
 - virtual_space_node_default_size: 1048576.
 - enlarge_chunks_in_place: 1.
 - new_chunks_are_fully_committed: 0.
 - uncommit_free_chunks: 1.
 - use_allocation_guard: 0.
 - handle_deallocations: 1.


Internal statistics:

num_allocs_failed_limit: 8.
num_arena_births: 310.
num_arena_deaths: 66.
num_vsnodes_births: 6.
num_vsnodes_deaths: 0.
num_space_committed: 694.
num_space_uncommitted: 0.
num_chunks_returned_to_freelist: 91.
num_chunks_taken_from_freelist: 1855.
num_chunk_merges: 38.
num_chunk_splits: 1226.
num_chunks_enlarged: 783.
num_purges: 2.
num_inconsistent_stats: 0.

CodeHeap 'non-profiled nmethods': size=120036Kb used=2225Kb max_used=2225Kb free=117810Kb
 bounds [0x00007fa0cef7a000, 0x00007fa0cf1ea000, 0x00007fa0d64b3000]
CodeHeap 'profiled nmethods': size=120032Kb used=10867Kb max_used=12109Kb free=109164Kb
 bounds [0x00007fa0c7a42000, 0x00007fa0c8652000, 0x00007fa0cef7a000]
CodeHeap 'non-nmethods': size=5692Kb used=1333Kb max_used=1356Kb free=4359Kb
 bounds [0x00007fa0c74b3000, 0x00007fa0c7723000, 0x00007fa0c7a42000]
 total_blobs=5562 nmethods=4909 adapters=564
 compilation: enabled
              stopped_count=0, restarted_count=0
 full_count=0

JVMCI Events (20 events):
Event: 52.308 Thread 0x00007fa0e00b2210 destroyed JavaVM[1]@0x00007fa08d69e340 for JVMCI runtime 0
Event: 52.308 Thread 0x00007fa0e00b2210 compacted oop handles in JVMCI runtime 0 from 87 to 87
Event: 52.308 Thread 0x00007fa0e00b2210 releasing handles for JVMCI runtime 0: oop handles=87, metadata handles={total=1056, live=547, blocks=33}
Event: 52.308 Thread 0x00007fa0e00b2210 detached from JVMCI runtime 0
Event: 666.879 Thread 0x00007fa0e00b2210 attached to JVMCI runtime 0
Event: 666.880 Thread 0x00007fa0e00b2210 created JavaVM[2]@0x00007fa08b19e340 for JVMCI runtime 0
Event: 666.880 Thread 0x00007fa0e00b2210 initializing JVMCI runtime 0
Event: 666.880 Thread 0x00007fa0e00b2210 done waiting for JavaVM references initialization in JVMCI runtime 0
Event: 704.767 Thread 0x00007fa0e00b2210 initialized JVMCI runtime 0
Event: 719.269 Thread 0x00007fa0e00b2210 detaching from JVMCI runtime 0: releasing idle compiler thread (0 other threads still attached)
Event: 719.269 Thread 0x00007fa0e00b2210 shutting down HotSpotJVMCIRuntime for JVMCI runtime 0
Event: 719.269 Thread 0x00007fa0e00b2210 shut down JVMCI runtime 0
Event: 719.270 Thread 0x00007fa0e00b2210 destroyed JavaVM[2]@0x00007fa08b19e340 for JVMCI runtime 0
Event: 719.270 Thread 0x00007fa0e00b2210 compacted oop handles in JVMCI runtime 0 from 51 to 51
Event: 719.270 Thread 0x00007fa0e00b2210 releasing handles for JVMCI runtime 0: oop handles=51, metadata handles={total=96, live=91, blocks=33}
Event: 719.270 Thread 0x00007fa0e00b2210 detached from JVMCI runtime 0
Event: 733.268 Thread 0x00007fa0e00b2210 attached to JVMCI runtime 0
Event: 733.270 Thread 0x00007fa0e00b2210 created JavaVM[3]@0x00007fa08b19e340 for JVMCI runtime 0
Event: 733.270 Thread 0x00007fa0e00b2210 initializing JVMCI runtime 0
Event: 733.270 Thread 0x00007fa0e00b2210 done waiting for JavaVM references initialization in JVMCI runtime 0

Compilation events (20 events):
Event: 328.837 Thread 0x00007fa0e00b3720 nmethod 6073 0x00007fa0c8460290 code [0x00007fa0c8460460, 0x00007fa0c84607d0]
Event: 328.837 Thread 0x00007fa0e00b3720 6074       3       java.util.concurrent.locks.LockSupport::setBlocker (12 bytes)
Event: 330.178 Thread 0x00007fa0e00b3720 nmethod 6074 0x00007fa0c80d0390 code [0x00007fa0c80d0540, 0x00007fa0c80d0660]
Event: 361.983 Thread 0x00007fa0e00b3720 6075       3       java.util.Locale::getDefault (63 bytes)
Event: 361.983 Thread 0x00007fa0e00b3720 nmethod 6075 0x00007fa0c80b7810 code [0x00007fa0c80b7a40, 0x00007fa0c80b8180]
Event: 422.432 Thread 0x00007fa0e00b3720 6076       1       org.eclipse.core.runtime.NullProgressMonitor::isCanceled (5 bytes)
Event: 423.750 Thread 0x00007fa0e00b3720 nmethod 6076 0x00007fa0cf1a4b90 code [0x00007fa0cf1a4d20, 0x00007fa0cf1a4df0]
Event: 461.102 Thread 0x00007fa0e00b3720 6077       3       java.util.concurrent.ThreadPoolExecutor::runStateAtLeast (11 bytes)
Event: 461.102 Thread 0x00007fa0e00b3720 nmethod 6077 0x00007fa0c816d490 code [0x00007fa0c816d620, 0x00007fa0c816d770]
Event: 543.343 Thread 0x00007fa0e00b3720 6078   !   3       org.eclipse.jdt.ls.core.internal.CancellableProgressMonitor::isCanceled (33 bytes)
Event: 545.936 Thread 0x00007fa0e00b3720 nmethod 6078 0x00007fa0c821c790 code [0x00007fa0c821c960, 0x00007fa0c821cda0]
Event: 568.251 Thread 0x00007fa0e00b3720 6079  s    3       org.eclipse.jdt.internal.core.search.processing.JobManager::currentJob (35 bytes)
Event: 569.572 Thread 0x00007fa0e00b3720 nmethod 6079 0x00007fa0c8374290 code [0x00007fa0c8374460, 0x00007fa0c8374db0]
Event: 666.879 Thread 0x00007fa0e00b2210 6080       4       java.lang.AbstractStringBuilder::appendChars (207 bytes)
Event: 689.644 Thread 0x00007fa0e00b3720 6081       3       java.text.Format::<init> (5 bytes)
Event: 689.644 Thread 0x00007fa0e00b3720 nmethod 6081 0x00007fa0c81e1a90 code [0x00007fa0c81e1c40, 0x00007fa0c81e1d90]
Event: 716.556 Thread 0x00007fa0e00b2210 nmethod 6080 0x00007fa0cf1a4e90 code [0x00007fa0cf1a5020, 0x00007fa0cf1a51d8]
Event: 716.556 Thread 0x00007fa0e00b2210 6082       4       java.io.DataOutputStream::writeUTF (411 bytes)
Event: 717.863 Thread 0x00007fa0e00b2210 nmethod 6082 0x00007fa0cf1a5390 code [0x00007fa0cf1a5560, 0x00007fa0cf1a6060]
Event: 733.268 Thread 0x00007fa0e00b2210 6083  s    4       java.lang.StringBuffer::append (13 bytes)

GC Heap History (20 events):
Event: 726.260 GC heap before
{Heap before GC invocations=578 (full 501):
 PSYoungGen      total 51200K, used 36351K [0x00000000f5580000, 0x00000000f9900000, 0x0000000100000000)
  eden space 36352K, 99% used [0x00000000f5580000,0x00000000f78ffff0,0x00000000f7900000)
  from space 14848K, 0% used [0x00000000f7900000,0x00000000f7900000,0x00000000f8780000)
  to   space 14848K, 0% used [0x00000000f8800000,0x00000000f8800000,0x00000000f9680000)
 ParOldGen       total 349696K, used 349692K [0x00000000e0000000, 0x00000000f5580000, 0x00000000f5580000)
  object space 349696K, 99% used [0x00000000e0000000,0x00000000f557f2b8,0x00000000f5580000)
 Metaspace       used 43595K, committed 44416K, reserved 1089536K
  class space    used 4481K, committed 4800K, reserved 1048576K
}
Event: 727.694 GC heap after
{Heap after GC invocations=578 (full 501):
 PSYoungGen      total 51200K, used 36351K [0x00000000f5580000, 0x00000000f9900000, 0x0000000100000000)
  eden space 36352K, 99% used [0x00000000f5580000,0x00000000f78ffe90,0x00000000f7900000)
  from space 14848K, 0% used [0x00000000f8800000,0x00000000f8800000,0x00000000f9680000)
  to   space 14848K, 0% used [0x00000000f7900000,0x00000000f7900000,0x00000000f8780000)
 ParOldGen       total 349696K, used 349692K [0x00000000e0000000, 0x00000000f5580000, 0x00000000f5580000)
  object space 349696K, 99% used [0x00000000e0000000,0x00000000f557f070,0x00000000f5580000)
 Metaspace       used 43595K, committed 44416K, reserved 1089536K
  class space    used 4481K, committed 4800K, reserved 1048576K
}
Event: 727.694 GC heap before
{Heap before GC invocations=579 (full 502):
 PSYoungGen      total 51200K, used 36351K [0x00000000f5580000, 0x00000000f9900000, 0x0000000100000000)
  eden space 36352K, 99% used [0x00000000f5580000,0x00000000f78ffff0,0x00000000f7900000)
  from space 14848K, 0% used [0x00000000f8800000,0x00000000f8800000,0x00000000f9680000)
  to   space 14848K, 0% used [0x00000000f7900000,0x00000000f7900000,0x00000000f8780000)
 ParOldGen       total 349696K, used 349692K [0x00000000e0000000, 0x00000000f5580000, 0x00000000f5580000)
  object space 349696K, 99% used [0x00000000e0000000,0x00000000f557f070,0x00000000f5580000)
 Metaspace       used 43595K, committed 44416K, reserved 1089536K
  class space    used 4481K, committed 4800K, reserved 1048576K
}
Event: 729.070 GC heap after
{Heap after GC invocations=579 (full 502):
 PSYoungGen      total 51200K, used 36351K [0x00000000f5580000, 0x00000000f9900000, 0x0000000100000000)
  eden space 36352K, 99% used [0x00000000f5580000,0x00000000f78fff90,0x00000000f7900000)
  from space 14848K, 0% used [0x00000000f7900000,0x00000000f7900000,0x00000000f8780000)
  to   space 14848K, 0% used [0x00000000f8800000,0x00000000f8800000,0x00000000f9680000)
 ParOldGen       total 349696K, used 349692K [0x00000000e0000000, 0x00000000f5580000, 0x00000000f5580000)
  object space 349696K, 99% used [0x00000000e0000000,0x00000000f557f050,0x00000000f5580000)
 Metaspace       used 43595K, committed 44416K, reserved 1089536K
  class space    used 4481K, committed 4800K, reserved 1048576K
}
Event: 729.073 GC heap before
{Heap before GC invocations=580 (full 503):
 PSYoungGen      total 51200K, used 36351K [0x00000000f5580000, 0x00000000f9900000, 0x0000000100000000)
  eden space 36352K, 99% used [0x00000000f5580000,0x00000000f78ffff8,0x00000000f7900000)
  from space 14848K, 0% used [0x00000000f7900000,0x00000000f7900000,0x00000000f8780000)
  to   space 14848K, 0% used [0x00000000f8800000,0x00000000f8800000,0x00000000f9680000)
 ParOldGen       total 349696K, used 349692K [0x00000000e0000000, 0x00000000f5580000, 0x00000000f5580000)
  object space 349696K, 99% used [0x00000000e0000000,0x00000000f557f050,0x00000000f5580000)
 Metaspace       used 43595K, committed 44416K, reserved 1089536K
  class space    used 4481K, committed 4800K, reserved 1048576K
}
Event: 730.463 GC heap after
{Heap after GC invocations=580 (full 503):
 PSYoungGen      total 51200K, used 36351K [0x00000000f5580000, 0x00000000f9900000, 0x0000000100000000)
  eden space 36352K, 99% used [0x00000000f5580000,0x00000000f78fffe0,0x00000000f7900000)
  from space 14848K, 0% used [0x00000000f8800000,0x00000000f8800000,0x00000000f9680000)
  to   space 14848K, 0% used [0x00000000f7900000,0x00000000f7900000,0x00000000f8780000)
 ParOldGen       total 349696K, used 349692K [0x00000000e0000000, 0x00000000f5580000, 0x00000000f5580000)
  object space 349696K, 99% used [0x00000000e0000000,0x00000000f557f030,0x00000000f5580000)
 Metaspace       used 43595K, committed 44416K, reserved 1089536K
  class space    used 4481K, committed 4800K, reserved 1048576K
}
Event: 730.463 GC heap before
{Heap before GC invocations=581 (full 504):
 PSYoungGen      total 51200K, used 36351K [0x00000000f5580000, 0x00000000f9900000, 0x0000000100000000)
  eden space 36352K, 99% used [0x00000000f5580000,0x00000000f78ffff8,0x00000000f7900000)
  from space 14848K, 0% used [0x00000000f8800000,0x00000000f8800000,0x00000000f9680000)
  to   space 14848K, 0% used [0x00000000f7900000,0x00000000f7900000,0x00000000f8780000)
 ParOldGen       total 349696K, used 349692K [0x00000000e0000000, 0x00000000f5580000, 0x00000000f5580000)
  object space 349696K, 99% used [0x00000000e0000000,0x00000000f557f030,0x00000000f5580000)
 Metaspace       used 43595K, committed 44416K, reserved 1089536K
  class space    used 4481K, committed 4800K, reserved 1048576K
}
Event: 731.860 GC heap after
{Heap after GC invocations=581 (full 504):
 PSYoungGen      total 51200K, used 36351K [0x00000000f5580000, 0x00000000f9900000, 0x0000000100000000)
  eden space 36352K, 99% used [0x00000000f5580000,0x00000000f78ffff8,0x00000000f7900000)
  from space 14848K, 0% used [0x00000000f7900000,0x00000000f7900000,0x00000000f8780000)
  to   space 14848K, 0% used [0x00000000f8800000,0x00000000f8800000,0x00000000f9680000)
 ParOldGen       total 349696K, used 349692K [0x00000000e0000000, 0x00000000f5580000, 0x00000000f5580000)
  object space 349696K, 99% used [0x00000000e0000000,0x00000000f557f030,0x00000000f5580000)
 Metaspace       used 43595K, committed 44416K, reserved 1089536K
  class space    used 4481K, committed 4800K, reserved 1048576K
}
Event: 731.861 GC heap before
{Heap before GC invocations=582 (full 505):
 PSYoungGen      total 51200K, used 36351K [0x00000000f5580000, 0x00000000f9900000, 0x0000000100000000)
  eden space 36352K, 99% used [0x00000000f5580000,0x00000000f78ffff8,0x00000000f7900000)
  from space 14848K, 0% used [0x00000000f7900000,0x00000000f7900000,0x00000000f8780000)
  to   space 14848K, 0% used [0x00000000f8800000,0x00000000f8800000,0x00000000f9680000)
 ParOldGen       total 349696K, used 349694K [0x00000000e0000000, 0x00000000f5580000, 0x00000000f5580000)
  object space 349696K, 99% used [0x00000000e0000000,0x00000000f557fb10,0x00000000f5580000)
 Metaspace       used 43595K, committed 44416K, reserved 1089536K
  class space    used 4481K, committed 4800K, reserved 1048576K
}
Event: 733.268 GC heap after
{Heap after GC invocations=582 (full 505):
 PSYoungGen      total 51200K, used 36351K [0x00000000f5580000, 0x00000000f9900000, 0x0000000100000000)
  eden space 36352K, 99% used [0x00000000f5580000,0x00000000f78ffe60,0x00000000f7900000)
  from space 14848K, 0% used [0x00000000f8800000,0x00000000f8800000,0x00000000f9680000)
  to   space 14848K, 0% used [0x00000000f7900000,0x00000000f7900000,0x00000000f8780000)
 ParOldGen       total 349696K, used 349693K [0x00000000e0000000, 0x00000000f5580000, 0x00000000f5580000)
  object space 349696K, 99% used [0x00000000e0000000,0x00000000f557f4e0,0x00000000f5580000)
 Metaspace       used 43595K, committed 44416K, reserved 1089536K
  class space    used 4481K, committed 4800K, reserved 1048576K
}
Event: 733.270 GC heap before
{Heap before GC invocations=583 (full 506):
 PSYoungGen      total 51200K, used 36351K [0x00000000f5580000, 0x00000000f9900000, 0x0000000100000000)
  eden space 36352K, 99% used [0x00000000f5580000,0x00000000f78ffff8,0x00000000f7900000)
  from space 14848K, 0% used [0x00000000f8800000,0x00000000f8800000,0x00000000f9680000)
  to   space 14848K, 0% used [0x00000000f7900000,0x00000000f7900000,0x00000000f8780000)
 ParOldGen       total 349696K, used 349693K [0x00000000e0000000, 0x00000000f5580000, 0x00000000f5580000)
  object space 349696K, 99% used [0x00000000e0000000,0x00000000f557f4e0,0x00000000f5580000)
 Metaspace       used 43595K, committed 44416K, reserved 1089536K
  class space    used 4481K, committed 4800K, reserved 1048576K
}
Event: 734.637 GC heap after
{Heap after GC invocations=583 (full 506):
 PSYoungGen      total 51200K, used 36351K [0x00000000f5580000, 0x00000000f9900000, 0x0000000100000000)
  eden space 36352K, 99% used [0x00000000f5580000,0x00000000f78fff48,0x00000000f7900000)
  from space 14848K, 0% used [0x00000000f7900000,0x00000000f7900000,0x00000000f8780000)
  to   space 14848K, 0% used [0x00000000f8800000,0x00000000f8800000,0x00000000f9680000)
 ParOldGen       total 349696K, used 349693K [0x00000000e0000000, 0x00000000f5580000, 0x00000000f5580000)
  object space 349696K, 99% used [0x00000000e0000000,0x00000000f557f4e0,0x00000000f5580000)
 Metaspace       used 43595K, committed 44416K, reserved 1089536K
  class space    used 4481K, committed 4800K, reserved 1048576K
}
Event: 734.637 GC heap before
{Heap before GC invocations=584 (full 507):
 PSYoungGen      total 51200K, used 36351K [0x00000000f5580000, 0x00000000f9900000, 0x0000000100000000)
  eden space 36352K, 99% used [0x00000000f5580000,0x00000000f78ffff0,0x00000000f7900000)
  from space 14848K, 0% used [0x00000000f7900000,0x00000000f7900000,0x00000000f8780000)
  to   space 14848K, 0% used [0x00000000f8800000,0x00000000f8800000,0x00000000f9680000)
 ParOldGen       total 349696K, used 349693K [0x00000000e0000000, 0x00000000f5580000, 0x00000000f5580000)
  object space 349696K, 99% used [0x00000000e0000000,0x00000000f557f4e0,0x00000000f5580000)
 Metaspace       used 43595K, committed 44416K, reserved 1089536K
  class space    used 4481K, committed 4800K, reserved 1048576K
}
Event: 735.944 GC heap after
{Heap after GC invocations=584 (full 507):
 PSYoungGen      total 51200K, used 36351K [0x00000000f5580000, 0x00000000f9900000, 0x0000000100000000)
  eden space 36352K, 99% used [0x00000000f5580000,0x00000000f78fffd8,0x00000000f7900000)
  from space 14848K, 0% used [0x00000000f8800000,0x00000000f8800000,0x00000000f9680000)
  to   space 14848K, 0% used [0x00000000f7900000,0x00000000f7900000,0x00000000f8780000)
 ParOldGen       total 349696K, used 349693K [0x00000000e0000000, 0x00000000f5580000, 0x00000000f5580000)
  object space 349696K, 99% used [0x00000000e0000000,0x00000000f557f4e0,0x00000000f5580000)
 Metaspace       used 43595K, committed 44416K, reserved 1089536K
  class space    used 4481K, committed 4800K, reserved 1048576K
}
Event: 735.944 GC heap before
{Heap before GC invocations=585 (full 508):
 PSYoungGen      total 51200K, used 36352K [0x00000000f5580000, 0x00000000f9900000, 0x0000000100000000)
  eden space 36352K, 100% used [0x00000000f5580000,0x00000000f7900000,0x00000000f7900000)
  from space 14848K, 0% used [0x00000000f8800000,0x00000000f8800000,0x00000000f9680000)
  to   space 14848K, 0% used [0x00000000f7900000,0x00000000f7900000,0x00000000f8780000)
 ParOldGen       total 349696K, used 349693K [0x00000000e0000000, 0x00000000f5580000, 0x00000000f5580000)
  object space 349696K, 99% used [0x00000000e0000000,0x00000000f557f4e0,0x00000000f5580000)
 Metaspace       used 43595K, committed 44416K, reserved 1089536K
  class space    used 4481K, committed 4800K, reserved 1048576K
}
Event: 737.296 GC heap after
{Heap after GC invocations=585 (full 508):
 PSYoungGen      total 51200K, used 36352K [0x00000000f5580000, 0x00000000f9900000, 0x0000000100000000)
  eden space 36352K, 100% used [0x00000000f5580000,0x00000000f7900000,0x00000000f7900000)
  from space 14848K, 0% used [0x00000000f7900000,0x00000000f7900000,0x00000000f8780000)
  to   space 14848K, 0% used [0x00000000f8800000,0x00000000f8800000,0x00000000f9680000)
 ParOldGen       total 349696K, used 349693K [0x00000000e0000000, 0x00000000f5580000, 0x00000000f5580000)
  object space 349696K, 99% used [0x00000000e0000000,0x00000000f557f4e0,0x00000000f5580000)
 Metaspace       used 43595K, committed 44416K, reserved 1089536K
  class space    used 4481K, committed 4800K, reserved 1048576K
}
Event: 737.296 GC heap before
{Heap before GC invocations=586 (full 509):
 PSYoungGen      total 51200K, used 36352K [0x00000000f5580000, 0x00000000f9900000, 0x0000000100000000)
  eden space 36352K, 100% used [0x00000000f5580000,0x00000000f7900000,0x00000000f7900000)
  from space 14848K, 0% used [0x00000000f7900000,0x00000000f7900000,0x00000000f8780000)
  to   space 14848K, 0% used [0x00000000f8800000,0x00000000f8800000,0x00000000f9680000)
 ParOldGen       total 349696K, used 349694K [0x00000000e0000000, 0x00000000f5580000, 0x00000000f5580000)
  object space 349696K, 99% used [0x00000000e0000000,0x00000000f557f8a0,0x00000000f5580000)
 Metaspace       used 43595K, committed 44416K, reserved 1089536K
  class space    used 4481K, committed 4800K, reserved 1048576K
}
Event: 738.642 GC heap after
{Heap after GC invocations=586 (full 509):
 PSYoungGen      total 51200K, used 36352K [0x00000000f5580000, 0x00000000f9900000, 0x0000000100000000)
  eden space 36352K, 100% used [0x00000000f5580000,0x00000000f7900000,0x00000000f7900000)
  from space 14848K, 0% used [0x00000000f8800000,0x00000000f8800000,0x00000000f9680000)
  to   space 14848K, 0% used [0x00000000f7900000,0x00000000f7900000,0x00000000f8780000)
 ParOldGen       total 349696K, used 349693K [0x00000000e0000000, 0x00000000f5580000, 0x00000000f5580000)
  object space 349696K, 99% used [0x00000000e0000000,0x00000000f557f528,0x00000000f5580000)
 Metaspace       used 43595K, committed 44416K, reserved 1089536K
  class space    used 4481K, committed 4800K, reserved 1048576K
}
Event: 738.642 GC heap before
{Heap before GC invocations=587 (full 510):
 PSYoungGen      total 51200K, used 36352K [0x00000000f5580000, 0x00000000f9900000, 0x0000000100000000)
  eden space 36352K, 100% used [0x00000000f5580000,0x00000000f7900000,0x00000000f7900000)
  from space 14848K, 0% used [0x00000000f8800000,0x00000000f8800000,0x00000000f9680000)
  to   space 14848K, 0% used [0x00000000f7900000,0x00000000f7900000,0x00000000f8780000)
 ParOldGen       total 349696K, used 349693K [0x00000000e0000000, 0x00000000f5580000, 0x00000000f5580000)
  object space 349696K, 99% used [0x00000000e0000000,0x00000000f557f528,0x00000000f5580000)
 Metaspace       used 43595K, committed 44416K, reserved 1089536K
  class space    used 4481K, committed 4800K, reserved 1048576K
}
Event: 740.016 GC heap after
{Heap after GC invocations=587 (full 510):
 PSYoungGen      total 51200K, used 36352K [0x00000000f5580000, 0x00000000f9900000, 0x0000000100000000)
  eden space 36352K, 100% used [0x00000000f5580000,0x00000000f7900000,0x00000000f7900000)
  from space 14848K, 0% used [0x00000000f7900000,0x00000000f7900000,0x00000000f8780000)
  to   space 14848K, 0% used [0x00000000f8800000,0x00000000f8800000,0x00000000f9680000)
 ParOldGen       total 349696K, used 349693K [0x00000000e0000000, 0x00000000f5580000, 0x00000000f5580000)
  object space 349696K, 99% used [0x00000000e0000000,0x00000000f557f528,0x00000000f5580000)
 Metaspace       used 43595K, committed 44416K, reserved 1089536K
  class space    used 4481K, committed 4800K, reserved 1048576K
}

Dll operation events (9 events):
Event: 0.005 Loaded shared library /nix/store/gpxl5qgg8kicmcvivwmybwjlpf7wh20l-graalvm17-ce-22.3.0/lib/libjava.so
Event: 0.019 Loaded shared library /nix/store/gpxl5qgg8kicmcvivwmybwjlpf7wh20l-graalvm17-ce-22.3.0/lib/libjsvml.so
Event: 0.346 Loaded shared library /nix/store/gpxl5qgg8kicmcvivwmybwjlpf7wh20l-graalvm17-ce-22.3.0/lib/libnio.so
Event: 0.369 Loaded shared library /nix/store/gpxl5qgg8kicmcvivwmybwjlpf7wh20l-graalvm17-ce-22.3.0/lib/libzip.so
Event: 0.375 Loaded shared library /nix/store/gpxl5qgg8kicmcvivwmybwjlpf7wh20l-graalvm17-ce-22.3.0/lib/libjvmcicompiler.so
Event: 0.976 Loaded shared library /nix/store/gpxl5qgg8kicmcvivwmybwjlpf7wh20l-graalvm17-ce-22.3.0/lib/libjimage.so
Event: 1.472 Loaded shared library /nix/store/gpxl5qgg8kicmcvivwmybwjlpf7wh20l-graalvm17-ce-22.3.0/lib/libnet.so
Event: 4.441 Loaded shared library /home/runner/.cache/jdt-language-server/config/org.eclipse.equinox.launcher/org.eclipse.equinox.launcher.gtk.linux.x86_64_1.2.400.v20211117-0650/eclipse_11600.so
Event: 12.535 Loaded shared library /nix/store/gpxl5qgg8kicmcvivwmybwjlpf7wh20l-graalvm17-ce-22.3.0/lib/libextnet.so

Deoptimization events (20 events):
Event: 51.240 Thread 0x00007fa074494f40 DEOPT PACKING pc=0x00007fa0c83fa405 sp=0x00007fa08c7fe530
Event: 51.240 Thread 0x00007fa074494f40 DEOPT UNPACKING pc=0x00007fa0c7505325 sp=0x00007fa08c7fda20 mode 0
Event: 51.246 Thread 0x00007fa074494f40 DEOPT PACKING pc=0x00007fa0c83fa405 sp=0x00007fa08c7fe530
Event: 51.246 Thread 0x00007fa074494f40 DEOPT UNPACKING pc=0x00007fa0c7505325 sp=0x00007fa08c7fda20 mode 0
Event: 51.251 Thread 0x00007fa074494f40 DEOPT PACKING pc=0x00007fa0c83fa405 sp=0x00007fa08c7fe530
Event: 51.251 Thread 0x00007fa074494f40 DEOPT UNPACKING pc=0x00007fa0c7505325 sp=0x00007fa08c7fda20 mode 0
Event: 51.254 Thread 0x00007fa074494f40 DEOPT PACKING pc=0x00007fa0c83fa405 sp=0x00007fa08c7fe530
Event: 51.254 Thread 0x00007fa074494f40 DEOPT UNPACKING pc=0x00007fa0c7505325 sp=0x00007fa08c7fda20 mode 0
Event: 51.265 Thread 0x00007fa074494f40 DEOPT PACKING pc=0x00007fa0c83fa405 sp=0x00007fa08c7fe530
Event: 51.265 Thread 0x00007fa074494f40 DEOPT UNPACKING pc=0x00007fa0c7505325 sp=0x00007fa08c7fda20 mode 0
Event: 51.278 Thread 0x00007fa074494f40 DEOPT PACKING pc=0x00007fa0c83fa405 sp=0x00007fa08c7fe530
Event: 51.278 Thread 0x00007fa074494f40 DEOPT UNPACKING pc=0x00007fa0c7505325 sp=0x00007fa08c7fda20 mode 0
Event: 51.292 Thread 0x00007fa074494f40 DEOPT PACKING pc=0x00007fa0c83fa394 sp=0x00007fa08c7fe530
Event: 51.292 Thread 0x00007fa074494f40 DEOPT UNPACKING pc=0x00007fa0c7505325 sp=0x00007fa08c7fda20 mode 0
Event: 51.295 Thread 0x00007fa074494f40 DEOPT PACKING pc=0x00007fa0c83fa405 sp=0x00007fa08c7fe530
Event: 51.295 Thread 0x00007fa074494f40 DEOPT UNPACKING pc=0x00007fa0c7505325 sp=0x00007fa08c7fda20 mode 0
Event: 51.297 Thread 0x00007fa074494f40 DEOPT PACKING pc=0x00007fa0c83fa405 sp=0x00007fa08c7fe530
Event: 51.297 Thread 0x00007fa074494f40 DEOPT UNPACKING pc=0x00007fa0c7505325 sp=0x00007fa08c7fda20 mode 0
Event: 51.298 Thread 0x00007fa074494f40 DEOPT PACKING pc=0x00007fa0c83fa405 sp=0x00007fa08c7fe530
Event: 51.298 Thread 0x00007fa074494f40 DEOPT UNPACKING pc=0x00007fa0c7505325 sp=0x00007fa08c7fda20 mode 0

Classes unloaded (20 events):
Event: 62.501 Thread 0x00007fa0e00a1c10 Unloading class 0x0000000800ee4000 'jdk/internal/reflect/GeneratedConstructorAccessor8'
Event: 62.501 Thread 0x00007fa0e00a1c10 Unloading class 0x0000000800d99000 'java/lang/invoke/LambdaForm$MH+0x0000000800d99000'
Event: 62.501 Thread 0x00007fa0e00a1c10 Unloading class 0x0000000800d98c00 'java/lang/invoke/LambdaForm$MH+0x0000000800d98c00'
Event: 62.501 Thread 0x00007fa0e00a1c10 Unloading class 0x0000000800d98800 'java/lang/invoke/LambdaForm$MH+0x0000000800d98800'
Event: 62.501 Thread 0x00007fa0e00a1c10 Unloading class 0x0000000800d98400 'java/lang/invoke/LambdaForm$MH+0x0000000800d98400'
Event: 62.501 Thread 0x00007fa0e00a1c10 Unloading class 0x0000000800d98000 'jdk/internal/reflect/GeneratedConstructorAccessor3'
Event: 62.501 Thread 0x00007fa0e00a1c10 Unloading class 0x0000000800d06800 'java/lang/invoke/LambdaForm$MH+0x0000000800d06800'
Event: 62.501 Thread 0x00007fa0e00a1c10 Unloading class 0x0000000800d06000 'java/lang/invoke/LambdaForm$MH+0x0000000800d06000'
Event: 62.501 Thread 0x00007fa0e00a1c10 Unloading class 0x0000000800d05c00 'java/lang/invoke/LambdaForm$MH+0x0000000800d05c00'
Event: 62.501 Thread 0x00007fa0e00a1c10 Unloading class 0x0000000800d05800 'java/lang/invoke/LambdaForm$MH+0x0000000800d05800'
Event: 62.501 Thread 0x00007fa0e00a1c10 Unloading class 0x0000000800d05000 'java/lang/invoke/LambdaForm$MH+0x0000000800d05000'
Event: 62.501 Thread 0x00007fa0e00a1c10 Unloading class 0x0000000800d04c00 'java/lang/invoke/LambdaForm$MH+0x0000000800d04c00'
Event: 62.501 Thread 0x00007fa0e00a1c10 Unloading class 0x0000000800d04800 'java/lang/invoke/LambdaForm$MH+0x0000000800d04800'
Event: 62.501 Thread 0x00007fa0e00a1c10 Unloading class 0x0000000800d04000 'java/lang/invoke/LambdaForm$MH+0x0000000800d04000'
Event: 62.501 Thread 0x00007fa0e00a1c10 Unloading class 0x0000000800c1d000 'jdk/internal/reflect/GeneratedMethodAccessor5'
Event: 62.501 Thread 0x00007fa0e00a1c10 Unloading class 0x0000000800c1cc00 'jdk/internal/reflect/GeneratedMethodAccessor4'
Event: 62.501 Thread 0x00007fa0e00a1c10 Unloading class 0x0000000800c1c800 'jdk/internal/reflect/GeneratedMethodAccessor3'
Event: 62.501 Thread 0x00007fa0e00a1c10 Unloading class 0x0000000800c1c400 'jdk/internal/reflect/GeneratedMethodAccessor2'
Event: 62.501 Thread 0x00007fa0e00a1c10 Unloading class 0x0000000800c1c000 'jdk/internal/reflect/GeneratedMethodAccessor1'
Event: 62.501 Thread 0x00007fa0e00a1c10 Unloading class 0x0000000800c01c00 'java/lang/invoke/LambdaForm$DMH+0x0000000800c01c00'

Classes redefined (0 events):
No events

Internal exceptions (20 events):
Event: 21.161 Thread 0x00007fa0e03c2630 Exception <a 'java/lang/reflect/InvocationTargetException'{0x00000000f5985598}> (0x00000000f5985598) 
thrown [src/hotspot/share/runtime/reflection.cpp, line 1119]
Event: 21.346 Thread 0x00007fa0e03c2630 Exception <a 'java/lang/ClassNotFoundException'{0x00000000f5d90928}: sun/util/logging/resources/spi/loggingProvider> (0x00000000f5d90928) 
thrown [src/hotspot/share/classfile/systemDictionary.cpp, line 256]
Event: 21.356 Thread 0x00007fa0e03c2630 Exception <a 'java/lang/reflect/InvocationTargetException'{0x00000000f5ed99c0}> (0x00000000f5ed99c0) 
thrown [src/hotspot/share/runtime/reflection.cpp, line 1119]
Event: 21.438 Thread 0x00007fa0e03c2630 Exception <a 'java/lang/reflect/InvocationTargetException'{0x00000000f6259d30}> (0x00000000f6259d30) 
thrown [src/hotspot/share/runtime/reflection.cpp, line 1119]
Event: 21.479 Thread 0x00007fa0e03c2630 Exception <a 'java/lang/reflect/InvocationTargetException'{0x00000000f6477380}> (0x00000000f6477380) 
thrown [src/hotspot/share/runtime/reflection.cpp, line 1119]
Event: 21.553 Thread 0x00007fa0e03c2630 Exception <a 'java/lang/reflect/InvocationTargetException'{0x00000000f668db40}> (0x00000000f668db40) 
thrown [src/hotspot/share/runtime/reflection.cpp, line 1119]
Event: 21.650 Thread 0x00007fa0e03c2630 Exception <a 'java/lang/reflect/InvocationTargetException'{0x00000000f56d2538}> (0x00000000f56d2538) 
thrown [src/hotspot/share/runtime/reflection.cpp, line 1119]
Event: 21.740 Thread 0x00007fa0e03c2630 Exception <a 'java/lang/reflect/InvocationTargetException'{0x00000000f59f09f8}> (0x00000000f59f09f8) 
thrown [src/hotspot/share/runtime/reflection.cpp, line 1119]
Event: 21.754 Thread 0x00007fa0e03c2630 Exception <a 'java/lang/reflect/InvocationTargetException'{0x00000000f5b12200}> (0x00000000f5b12200) 
thrown [src/hotspot/share/runtime/reflection.cpp, line 1119]
Event: 21.763 Thread 0x00007fa0e03c2630 Exception <a 'java/lang/reflect/InvocationTargetException'{0x00000000f5ca8f00}> (0x00000000f5ca8f00) 
thrown [src/hotspot/share/runtime/reflection.cpp, line 1119]
Event: 21.837 Thread 0x00007fa0e03c2630 Exception <a 'java/lang/reflect/InvocationTargetException'{0x00000000f5e5c100}> (0x00000000f5e5c100) 
thrown [src/hotspot/share/runtime/reflection.cpp, line 1119]
Event: 21.844 Thread 0x00007fa0e03c2630 Exception <a 'java/lang/reflect/InvocationTargetException'{0x00000000f5fadee8}> (0x00000000f5fadee8) 
thrown [src/hotspot/share/runtime/reflection.cpp, line 1119]
Event: 21.851 Thread 0x00007fa0e03c2630 Exception <a 'java/lang/reflect/InvocationTargetException'{0x00000000f609e758}> (0x00000000f609e758) 
thrown [src/hotspot/share/runtime/reflection.cpp, line 1119]
Event: 21.859 Thread 0x00007fa0e03c2630 Exception <a 'java/lang/reflect/InvocationTargetException'{0x00000000f61f0600}> (0x00000000f61f0600) 
thrown [src/hotspot/share/runtime/reflection.cpp, line 1119]
Event: 21.866 Thread 0x00007fa0e03c2630 Exception <a 'java/lang/reflect/InvocationTargetException'{0x00000000f63119e0}> (0x00000000f63119e0) 
thrown [src/hotspot/share/runtime/reflection.cpp, line 1119]
Event: 22.052 Thread 0x00007fa05c317ea0 Exception <a 'java/io/FileNotFoundException'{0x00000000f5697680}> (0x00000000f5697680) 
thrown [src/hotspot/share/prims/jni.cpp, line 516]
Event: 22.053 Thread 0x00007fa05c317ea0 Exception <a 'java/io/FileNotFoundException'{0x00000000f5699458}> (0x00000000f5699458) 
thrown [src/hotspot/share/prims/jni.cpp, line 516]
Event: 22.053 Thread 0x00007fa05c317ea0 Exception <a 'java/io/FileNotFoundException'{0x00000000f569a968}> (0x00000000f569a968) 
thrown [src/hotspot/share/prims/jni.cpp, line 516]
Event: 32.305 Thread 0x00007fa074494f40 Implicit null exception at 0x00007fa0cf108ae6 to 0x00007fa0cf10c609
Event: 740.017 Thread 0x00007fa0e00b2210 Exception <a 'java/lang/OutOfMemoryError'{0x00000000e000f730}> (0x00000000e000f730) 
thrown [src/hotspot/share/gc/shared/memAllocator.cpp, line 136]

VM Operations (20 events):
Event: 724.936 Executing VM operation: ParallelGCFailedAllocation
Event: 726.260 Executing VM operation: ParallelGCFailedAllocation done
Event: 726.260 Executing VM operation: ParallelGCFailedAllocation
Event: 727.694 Executing VM operation: ParallelGCFailedAllocation done
Event: 727.694 Executing VM operation: ParallelGCFailedAllocation
Event: 729.070 Executing VM operation: ParallelGCFailedAllocation done
Event: 729.073 Executing VM operation: ParallelGCFailedAllocation
Event: 730.463 Executing VM operation: ParallelGCFailedAllocation done
Event: 730.463 Executing VM operation: ParallelGCFailedAllocation
Event: 731.860 Executing VM operation: ParallelGCFailedAllocation done
Event: 731.860 Executing VM operation: ParallelGCFailedAllocation
Event: 733.270 Executing VM operation: ParallelGCFailedAllocation done
Event: 733.270 Executing VM operation: ParallelGCFailedAllocation
Event: 734.637 Executing VM operation: ParallelGCFailedAllocation done
Event: 734.637 Executing VM operation: ParallelGCFailedAllocation
Event: 735.944 Executing VM operation: ParallelGCFailedAllocation done
Event: 735.944 Executing VM operation: ParallelGCFailedAllocation
Event: 737.296 Executing VM operation: ParallelGCFailedAllocation done
Event: 737.296 Executing VM operation: ParallelGCFailedAllocation
Event: 740.017 Executing VM operation: ParallelGCFailedAllocation done

Events (20 events):
Event: 21.756 Thread 0x00007fa0e00b4b70 flushing nmethod 0x00007fa0c85b9390
Event: 24.551 loading class sun/security/ssl/Alert
Event: 24.551 loading class sun/security/ssl/Alert done
Event: 24.552 loading class sun/security/ssl/Alert$AlertConsumer
Event: 24.552 loading class sun/security/ssl/Alert$AlertConsumer done
Event: 24.552 loading class sun/security/ssl/Alert$Level
Event: 24.552 loading class sun/security/ssl/Alert$Level done
Event: 24.553 loading class javax/crypto/ShortBufferException
Event: 24.553 loading class javax/crypto/ShortBufferException done
Event: 24.555 loading class java/net/SocketException
Event: 24.555 loading class java/net/SocketException done
Event: 24.555 Thread 0x00007fa04c0d6260 Thread exited: 0x00007fa04c0d6260
Event: 40.841 Thread 0x00007fa0e00b4b70 flushing nmethod 0x00007fa0c8322110
Event: 40.841 Thread 0x00007fa0e00b4b70 flushing nmethod 0x00007fa0c8443810
Event: 40.843 Thread 0x00007fa0e00b4b70 flushing nmethod 0x00007fa0c85cf410
Event: 40.843 Thread 0x00007fa0e00b4b70 flushing nmethod 0x00007fa0c85cf990
Event: 63.507 Thread 0x00007fa0e020e460 Thread exited: 0x00007fa0e020e460
Event: 89.953 Thread 0x00007fa04c001130 Thread exited: 0x00007fa04c001130
Event: 103.556 Thread 0x00007fa0680010d0 Thread exited: 0x00007fa0680010d0
Event: 103.556 Thread 0x00007fa044000ff0 Thread exited: 0x00007fa044000ff0


Dynamic libraries:
e0000000-f5580000 rw-p 00000000 00:00 0 
f5580000-f9900000 rw-p 00000000 00:00 0 
f9900000-100000000 ---p 00000000 00:00 0 
800000000-800449000 rw-p 00001000 00:181a 9223372037562745673            /nix/store/gpxl5qgg8kicmcvivwmybwjlpf7wh20l-graalvm17-ce-22.3.0/lib/server/classes.jsa
800449000-800bc8000 r--p 0044a000 00:181a 9223372037562745673            /nix/store/gpxl5qgg8kicmcvivwmybwjlpf7wh20l-graalvm17-ce-22.3.0/lib/server/classes.jsa
800bc8000-800c00000 ---p 00000000 00:00 0 
800c00000-800c20000 rw-p 00000000 00:00 0 
800c20000-800c40000 rw-p 00000000 00:00 0 
800c40000-800cc0000 rw-p 00000000 00:00 0 
800cc0000-800d00000 rw-p 00000000 00:00 0 
800d00000-800dc0000 rw-p 00000000 00:00 0 
800dc0000-800e00000 rw-p 00000000 00:00 0 
800e00000-800f40000 rw-p 00000000 00:00 0 
800f40000-800fc0000 rw-p 00000000 00:00 0 
800fc0000-800ff0000 rw-p 00000000 00:00 0 
800ff0000-801000000 ---p 00000000 00:00 0 
801000000-8010c0000 rw-p 00000000 00:00 0 
8010c0000-840c00000 ---p 00000000 00:00 0 
55848c839000-55848c83a000 r-xp 00000000 00:181a 9223372037526805748      /nix/store/gpxl5qgg8kicmcvivwmybwjlpf7wh20l-graalvm17-ce-22.3.0/bin/.java-wrapped
55848c83b000-55848c83c000 r--p 00001000 00:181a 9223372037526805748      /nix/store/gpxl5qgg8kicmcvivwmybwjlpf7wh20l-graalvm17-ce-22.3.0/bin/.java-wrapped
55848c83c000-55848c83d000 rw-p 00002000 00:181a 9223372037526805748      /nix/store/gpxl5qgg8kicmcvivwmybwjlpf7wh20l-graalvm17-ce-22.3.0/bin/.java-wrapped
55848c83d000-55848c83e000 rw-p 00004000 00:181a 9223372037526805748      /nix/store/gpxl5qgg8kicmcvivwmybwjlpf7wh20l-graalvm17-ce-22.3.0/bin/.java-wrapped
55848c83e000-55848c83f000 rw-p 00005000 00:181a 9223372037526805748      /nix/store/gpxl5qgg8kicmcvivwmybwjlpf7wh20l-graalvm17-ce-22.3.0/bin/.java-wrapped
55848c852000-55848c89a000 rw-p 00000000 00:00 0                          [heap]
7fa02c000000-7fa02c02a000 rw-p 00000000 00:00 0 
7fa02c02a000-7fa030000000 ---p 00000000 00:00 0 
7fa034000000-7fa0340c2000 rw-p 00000000 00:00 0 
7fa0340c2000-7fa038000000 ---p 00000000 00:00 0 
7fa0394b3000-7fa043000000 r--s 00000000 00:181a 9223372037562580485      /nix/store/gpxl5qgg8kicmcvivwmybwjlpf7wh20l-graalvm17-ce-22.3.0/lib/modules
7fa043000000-7fa043300000 rw-p 00000000 00:00 0 
7fa043300000-7fa0433d0000 rw-p 00000000 00:00 0 
7fa0433d0000-7fa043400000 ---p 00000000 00:00 0 
7fa043400000-7fa0436e0000 rw-p 00000000 00:00 0 
7fa0436e0000-7fa043800000 ---p 00000000 00:00 0 
7fa043800000-7fa043900000 rw-p 00000000 00:00 0 
7fa043900000-7fa043ac0000 rw-p 00000000 00:00 0 
7fa043ac0000-7fa043b00000 rw-p 00000000 00:00 0 
7fa043b00000-7fa043d00000 rw-p 00000000 00:00 0 
7fa043d00000-7fa043e00000 rw-p 00000000 00:00 0 
7fa043e00000-7fa044000000 rw-p 00000000 00:00 0 
7fa044000000-7fa044021000 rw-p 00000000 00:00 0 
7fa044021000-7fa048000000 ---p 00000000 00:00 0 
7fa048000000-7fa0480dd000 rw-p 00000000 00:00 0 
7fa0480dd000-7fa04c000000 ---p 00000000 00:00 0 
7fa04c000000-7fa04c0ed000 rw-p 00000000 00:00 0 
7fa04c0ed000-7fa050000000 ---p 00000000 00:00 0 
7fa050000000-7fa050074000 rw-p 00000000 00:00 0 
7fa050074000-7fa054000000 ---p 00000000 00:00 0 
7fa054000000-7fa054021000 rw-p 00000000 00:00 0 
7fa054021000-7fa058000000 ---p 00000000 00:00 0 
7fa058000000-7fa058021000 rw-p 00000000 00:00 0 
7fa058021000-7fa05c000000 ---p 00000000 00:00 0 
7fa05c000000-7fa05c31c000 rw-p 00000000 00:00 0 
7fa05c31c000-7fa060000000 ---p 00000000 00:00 0 
7fa060000000-7fa060055000 rw-p 00000000 00:00 0 
7fa060055000-7fa064000000 ---p 00000000 00:00 0 
7fa064000000-7fa064021000 rw-p 00000000 00:00 0 
7fa064021000-7fa068000000 ---p 00000000 00:00 0 
7fa068000000-7fa068032000 rw-p 00000000 00:00 0 
7fa068032000-7fa06c000000 ---p 00000000 00:00 0 
7fa06c000000-7fa06c021000 rw-p 00000000 00:00 0 
7fa06c021000-7fa070000000 ---p 00000000 00:00 0 
7fa070000000-7fa070021000 rw-p 00000000 00:00 0 
7fa070021000-7fa074000000 ---p 00000000 00:00 0 
7fa074000000-7fa0748ca000 rw-p 00000000 00:00 0 
7fa0748ca000-7fa078000000 ---p 00000000 00:00 0 
7fa078000000-7fa078035000 rw-p 00000000 00:00 0 
7fa078035000-7fa07c000000 ---p 00000000 00:00 0 
7fa07c000000-7fa07c021000 rw-p 00000000 00:00 0 
7fa07c021000-7fa080000000 ---p 00000000 00:00 0 
7fa080000000-7fa080021000 rw-p 00000000 00:00 0 
7fa080021000-7fa084000000 ---p 00000000 00:00 0 
7fa084000000-7fa084021000 rw-p 00000000 00:00 0 
7fa084021000-7fa088000000 ---p 00000000 00:00 0 
7fa088000000-7fa088100000 rw-p 00000000 00:00 0 
7fa088100000-7fa088200000 rw-p 00000000 00:00 0 
7fa088200000-7fa088700000 rw-p 00000000 00:00 0 
7fa088700000-7fa088800000 rw-p 00000000 00:00 0 
7fa088800000-7fa088900000 rw-p 00000000 00:00 0 
7fa088900000-7fa088a00000 rw-p 00000000 00:00 0 
7fa088a00000-7fa088d00000 rw-p 00000000 00:00 0 
7fa088d00000-7fa088e00000 rw-p 00000000 00:00 0 
7fa088e00000-7fa089000000 rw-p 00000000 00:00 0 
7fa08a200000-7fa08a210000 r-xp 00000000 00:16f5 353                      /home/runner/.cache/jdt-language-server/config/org.eclipse.equinox.launcher/org.eclipse.equinox.launcher.gtk.linux.x86_64_1.2.400.v20211117-0650/eclipse_11600.so
7fa08a210000-7fa08a40f000 ---p 00010000 00:16f5 353                      /home/runner/.cache/jdt-language-server/config/org.eclipse.equinox.launcher/org.eclipse.equinox.launcher.gtk.linux.x86_64_1.2.400.v20211117-0650/eclipse_11600.so
7fa08a40f000-7fa08a410000 r--p 0000f000 00:16f5 353                      /home/runner/.cache/jdt-language-server/config/org.eclipse.equinox.launcher/org.eclipse.equinox.launcher.gtk.linux.x86_64_1.2.400.v20211117-0650/eclipse_11600.so
7fa08a410000-7fa08a411000 rw-p 00010000 00:16f5 353                      /home/runner/.cache/jdt-language-server/config/org.eclipse.equinox.launcher/org.eclipse.equinox.launcher.gtk.linux.x86_64_1.2.400.v20211117-0650/eclipse_11600.so
7fa08a500000-7fa08a600000 ---p 00000000 00:00 0 
7fa08a600000-7fa08abaf000 r--p 01122000 00:181a 9223372037562577944      /nix/store/gpxl5qgg8kicmcvivwmybwjlpf7wh20l-graalvm17-ce-22.3.0/lib/libjvmcicompiler.so
7fa08abaf000-7fa08ad00000 r--p 00000000 00:00 0 
7fa08ad00000-7fa08ad3d000 rw-p 00000000 00:00 0 
7fa08ad3d000-7fa08b25d000 rw-p 0185f000 00:181a 9223372037562577944      /nix/store/gpxl5qgg8kicmcvivwmybwjlpf7wh20l-graalvm17-ce-22.3.0/lib/libjvmcicompiler.so
7fa08b25d000-7fa08b644000 r--p 01d7f000 00:181a 9223372037562577944      /nix/store/gpxl5qgg8kicmcvivwmybwjlpf7wh20l-graalvm17-ce-22.3.0/lib/libjvmcicompiler.so
7fa08b700000-7fa08b704000 ---p 00000000 00:00 0 
7fa08b704000-7fa08b800000 rw-p 00000000 00:00 0 
7fa08b900000-7fa08b904000 ---p 00000000 00:00 0 
7fa08b904000-7fa08ba00000 rw-p 00000000 00:00 0 
7fa08bb00000-7fa08bb04000 ---p 00000000 00:00 0 
7fa08bb04000-7fa08bc00000 rw-p 00000000 00:00 0 
7fa08bd00000-7fa08bd04000 ---p 00000000 00:00 0 
7fa08bd04000-7fa08be00000 rw-p 00000000 00:00 0 
7fa08bf00000-7fa08bf04000 ---p 00000000 00:00 0 
7fa08bf04000-7fa08c000000 rw-p 00000000 00:00 0 
7fa08c100000-7fa08c104000 ---p 00000000 00:00 0 
7fa08c104000-7fa08c200000 rw-p 00000000 00:00 0 
7fa08c300000-7fa08c304000 ---p 00000000 00:00 0 
7fa08c304000-7fa08c400000 rw-p 00000000 00:00 0 
7fa08c500000-7fa08c504000 ---p 00000000 00:00 0 
7fa08c504000-7fa08c600000 rw-p 00000000 00:00 0 
7fa08c700000-7fa08c704000 ---p 00000000 00:00 0 
7fa08c704000-7fa08c800000 rw-p 00000000 00:00 0 
7fa08c900000-7fa08c904000 ---p 00000000 00:00 0 
7fa08c904000-7fa08ca00000 rw-p 00000000 00:00 0 
7fa08d7a9000-7fa08db00000 rw-p 00000000 00:00 0 
7fa08dc00000-7fa08fd6a000 r-xp 00000000 00:181a 9223372037562577944      /nix/store/gpxl5qgg8kicmcvivwmybwjlpf7wh20l-graalvm17-ce-22.3.0/lib/libjvmcicompiler.so
7fa08fd6a000-7fa08ff69000 ---p 0216a000 00:181a 9223372037562577944      /nix/store/gpxl5qgg8kicmcvivwmybwjlpf7wh20l-graalvm17-ce-22.3.0/lib/libjvmcicompiler.so
7fa08ff69000-7fa08ff6a000 r--p 02169000 00:181a 9223372037562577944      /nix/store/gpxl5qgg8kicmcvivwmybwjlpf7wh20l-graalvm17-ce-22.3.0/lib/libjvmcicompiler.so
7fa08ff6a000-7fa08ff6c000 rw-p 0216a000 00:181a 9223372037562577944      /nix/store/gpxl5qgg8kicmcvivwmybwjlpf7wh20l-graalvm17-ce-22.3.0/lib/libjvmcicompiler.so
7fa08ff6c000-7fa08ff6d000 rw-p 00000000 00:00 0 
7fa08ff6d000-7fa08ff72000 rw-p 023c3000 00:181a 9223372037562577944      /nix/store/gpxl5qgg8kicmcvivwmybwjlpf7wh20l-graalvm17-ce-22.3.0/lib/libjvmcicompiler.so
7fa090000000-7fa090021000 rw-p 00000000 00:00 0 
7fa090021000-7fa094000000 ---p 00000000 00:00 0 
7fa094000000-7fa094021000 rw-p 00000000 00:00 0 
7fa094021000-7fa098000000 ---p 00000000 00:00 0 
7fa098000000-7fa098021000 rw-p 00000000 00:00 0 
7fa098021000-7fa09c000000 ---p 00000000 00:00 0 
7fa09c000000-7fa09c021000 rw-p 00000000 00:00 0 
7fa09c021000-7fa0a0000000 ---p 00000000 00:00 0 
7fa0a0000000-7fa0a00ca000 rw-p 00000000 00:00 0 
7fa0a00ca000-7fa0a4000000 ---p 00000000 00:00 0 
7fa0a4000000-7fa0a4770000 rw-p 00000000 00:00 0 
7fa0a4770000-7fa0a8000000 ---p 00000000 00:00 0 
7fa0a8000000-7fa0a8021000 rw-p 00000000 00:00 0 
7fa0a8021000-7fa0ac000000 ---p 00000000 00:00 0 
7fa0ac000000-7fa0ac021000 rw-p 00000000 00:00 0 
7fa0ac021000-7fa0b0000000 ---p 00000000 00:00 0 
7fa0b0000000-7fa0b0021000 rw-p 00000000 00:00 0 
7fa0b0021000-7fa0b4000000 ---p 00000000 00:00 0 
7fa0b4000000-7fa0b4021000 rw-p 00000000 00:00 0 
7fa0b4021000-7fa0b8000000 ---p 00000000 00:00 0 
7fa0b8000000-7fa0b8021000 rw-p 00000000 00:00 0 
7fa0b8021000-7fa0bc000000 ---p 00000000 00:00 0 
7fa0bc000000-7fa0bc021000 rw-p 00000000 00:00 0 
7fa0bc021000-7fa0c0000000 ---p 00000000 00:00 0 
7fa0c0000000-7fa0c0028000 rw-p 00000000 00:00 0 
7fa0c0028000-7fa0c4000000 ---p 00000000 00:00 0 
7fa0c4000000-7fa0c4004000 ---p 00000000 00:00 0 
7fa0c4004000-7fa0c4100000 rw-p 00000000 00:00 0 
7fa0c4200000-7fa0c4204000 ---p 00000000 00:00 0 
7fa0c4204000-7fa0c4300000 rw-p 00000000 00:00 0 
7fa0c4400000-7fa0c4404000 ---p 00000000 00:00 0 
7fa0c4404000-7fa0c4500000 rw-p 00000000 00:00 0 
7fa0c4600000-7fa0c4604000 ---p 00000000 00:00 0 
7fa0c4604000-7fa0c4700000 rw-p 00000000 00:00 0 
7fa0c4800000-7fa0c4804000 ---p 00000000 00:00 0 
7fa0c4804000-7fa0c4900000 rw-p 00000000 00:00 0 
7fa0c4a00000-7fa0c4a04000 ---p 00000000 00:00 0 
7fa0c4a04000-7fa0c4b00000 rw-p 00000000 00:00 0 
7fa0c4c00000-7fa0c4c04000 ---p 00000000 00:00 0 
7fa0c4c04000-7fa0c4d00000 rw-p 00000000 00:00 0 
7fa0c4e00000-7fa0c4e04000 ---p 00000000 00:00 0 
7fa0c4e04000-7fa0c4f00000 rw-p 00000000 00:00 0 
7fa0c4fbd000-7fa0c50fe000 rw-p 00000000 00:00 0 
7fa0c50fe000-7fa0c50ff000 ---p 00000000 00:00 0 
7fa0c50ff000-7fa0c5200000 rw-p 00000000 00:00 0 
7fa0c5200000-7fa0c5204000 ---p 00000000 00:00 0 
7fa0c5204000-7fa0c5300000 rw-p 00000000 00:00 0 
7fa0c5300000-7fa0c5304000 ---p 00000000 00:00 0 
7fa0c5304000-7fa0c5400000 rw-p 00000000 00:00 0 
7fa0c5400000-7fa0c5404000 ---p 00000000 00:00 0 
7fa0c5404000-7fa0c5500000 rw-p 00000000 00:00 0 
7fa0c5500000-7fa0c5504000 ---p 00000000 00:00 0 
7fa0c5504000-7fa0c5700000 rw-p 00000000 00:00 0 
7fa0c5700000-7fa0c5704000 ---p 00000000 00:00 0 
7fa0c5704000-7fa0c5900000 rw-p 00000000 00:00 0 
7fa0c5900000-7fa0c5904000 ---p 00000000 00:00 0 
7fa0c5904000-7fa0c5a00000 rw-p 00000000 00:00 0 
7fa0c5a00000-7fa0c5a04000 ---p 00000000 00:00 0 
7fa0c5a04000-7fa0c5b00000 rw-p 00000000 00:00 0 
7fa0c5b00000-7fa0c5b04000 ---p 00000000 00:00 0 
7fa0c5b04000-7fa0c6000000 rw-p 00000000 00:00 0 
7fa0c6000000-7fa0c6300000 rw-p 00000000 00:00 0 
7fa0c6300000-7fa0c6400000 rw-p 00000000 00:00 0 
7fa0c64b3000-7fa0c74b3000 rw-p 00000000 00:00 0 
7fa0c74b3000-7fa0c7723000 rwxp 00000000 00:00 0 
7fa0c7723000-7fa0c7a42000 ---p 00000000 00:00 0 
7fa0c7a42000-7fa0c8652000 rwxp 00000000 00:00 0 
7fa0c8652000-7fa0cef7a000 ---p 00000000 00:00 0 
7fa0cef7a000-7fa0cf1ea000 rwxp 00000000 00:00 0 
7fa0cf1ea000-7fa0d64b3000 ---p 00000000 00:00 0 
7fa0d64b3000-7fa0e0000000 r--s 00000000 00:181a 9223372037562580485      /nix/store/gpxl5qgg8kicmcvivwmybwjlpf7wh20l-graalvm17-ce-22.3.0/lib/modules
7fa0e0000000-7fa0e061a000 rw-p 00000000 00:00 0 
7fa0e061a000-7fa0e4000000 ---p 00000000 00:00 0 
7fa0e4021000-7fa0e4023000 r-xp 00000000 00:181a 9223372037562577921      /nix/store/gpxl5qgg8kicmcvivwmybwjlpf7wh20l-graalvm17-ce-22.3.0/lib/libextnet.so
7fa0e4023000-7fa0e4024000 r--p 00001000 00:181a 9223372037562577921      /nix/store/gpxl5qgg8kicmcvivwmybwjlpf7wh20l-graalvm17-ce-22.3.0/lib/libextnet.so
7fa0e4024000-7fa0e4025000 rw-p 00002000 00:181a 9223372037562577921      /nix/store/gpxl5qgg8kicmcvivwmybwjlpf7wh20l-graalvm17-ce-22.3.0/lib/libextnet.so
7fa0e4025000-7fa0e4026000 rw-p 00004000 00:181a 9223372037562577921      /nix/store/gpxl5qgg8kicmcvivwmybwjlpf7wh20l-graalvm17-ce-22.3.0/lib/libextnet.so
7fa0e4026000-7fa0e402a000 ---p 00000000 00:00 0 
7fa0e402a000-7fa0e4048000 rw-p 00000000 00:00 0 
7fa0e4048000-7fa0e404f000 r-xp 00000000 00:181a 9223372037562580484      /nix/store/gpxl5qgg8kicmcvivwmybwjlpf7wh20l-graalvm17-ce-22.3.0/lib/libzip.so
7fa0e404f000-7fa0e4050000 ---p 00007000 00:181a 9223372037562580484      /nix/store/gpxl5qgg8kicmcvivwmybwjlpf7wh20l-graalvm17-ce-22.3.0/lib/libzip.so
7fa0e4050000-7fa0e4051000 r--p 00007000 00:181a 9223372037562580484      /nix/store/gpxl5qgg8kicmcvivwmybwjlpf7wh20l-graalvm17-ce-22.3.0/lib/libzip.so
7fa0e4051000-7fa0e4052000 rw-p 00008000 00:181a 9223372037562580484      /nix/store/gpxl5qgg8kicmcvivwmybwjlpf7wh20l-graalvm17-ce-22.3.0/lib/libzip.so
7fa0e4052000-7fa0e4054000 rw-p 0000b000 00:181a 9223372037562580484      /nix/store/gpxl5qgg8kicmcvivwmybwjlpf7wh20l-graalvm17-ce-22.3.0/lib/libzip.so
7fa0e4054000-7fa0e4069000 r-xp 00000000 00:181a 9223372037562580474      /nix/store/gpxl5qgg8kicmcvivwmybwjlpf7wh20l-graalvm17-ce-22.3.0/lib/libnet.so
7fa0e4069000-7fa0e406a000 ---p 00015000 00:181a 9223372037562580474      /nix/store/gpxl5qgg8kicmcvivwmybwjlpf7wh20l-graalvm17-ce-22.3.0/lib/libnet.so
7fa0e406a000-7fa0e406b000 r--p 00015000 00:181a 9223372037562580474      /nix/store/gpxl5qgg8kicmcvivwmybwjlpf7wh20l-graalvm17-ce-22.3.0/lib/libnet.so
7fa0e406b000-7fa0e406c000 rw-p 00016000 00:181a 9223372037562580474      /nix/store/gpxl5qgg8kicmcvivwmybwjlpf7wh20l-graalvm17-ce-22.3.0/lib/libnet.so
7fa0e406c000-7fa0e406f000 rw-p 0001b000 00:181a 9223372037562580474      /nix/store/gpxl5qgg8kicmcvivwmybwjlpf7wh20l-graalvm17-ce-22.3.0/lib/libnet.so
7fa0e406f000-7fa0e4082000 r-xp 00000000 00:181a 9223372037562580475      /nix/store/gpxl5qgg8kicmcvivwmybwjlpf7wh20l-graalvm17-ce-22.3.0/lib/libnio.so
7fa0e4082000-7fa0e4083000 r--p 00012000 00:181a 9223372037562580475      /nix/store/gpxl5qgg8kicmcvivwmybwjlpf7wh20l-graalvm17-ce-22.3.0/lib/libnio.so
7fa0e4083000-7fa0e4084000 rw-p 00013000 00:181a 9223372037562580475      /nix/store/gpxl5qgg8kicmcvivwmybwjlpf7wh20l-graalvm17-ce-22.3.0/lib/libnio.so
7fa0e4084000-7fa0e4089000 rw-p 00019000 00:181a 9223372037562580475      /nix/store/gpxl5qgg8kicmcvivwmybwjlpf7wh20l-graalvm17-ce-22.3.0/lib/libnio.so
7fa0e4089000-7fa0e436f000 r--p 00000000 00:86a 28444448                  /usr/lib/locale/locale-archive
7fa0e436f000-7fa0e4373000 ---p 00000000 00:00 0 
7fa0e4373000-7fa0e446f000 rw-p 00000000 00:00 0 
7fa0e446f000-7fa0e4473000 ---p 00000000 00:00 0 
7fa0e4473000-7fa0e456f000 rw-p 00000000 00:00 0 
7fa0e456f000-7fa0e4570000 ---p 00000000 00:00 0 
7fa0e4570000-7fa0e4671000 rw-p 00000000 00:00 0 
7fa0e4671000-7fa0e473f000 r-xp 00000000 00:181a 9223372037562577940      /nix/store/gpxl5qgg8kicmcvivwmybwjlpf7wh20l-graalvm17-ce-22.3.0/lib/libjsvml.so
7fa0e473f000-7fa0e4740000 r--p 000cd000 00:181a 9223372037562577940      /nix/store/gpxl5qgg8kicmcvivwmybwjlpf7wh20l-graalvm17-ce-22.3.0/lib/libjsvml.so
7fa0e4740000-7fa0e4741000 rw-p 000ce000 00:181a 9223372037562577940      /nix/store/gpxl5qgg8kicmcvivwmybwjlpf7wh20l-graalvm17-ce-22.3.0/lib/libjsvml.so
7fa0e4741000-7fa0e5019000 rw-p 00000000 00:00 0 
7fa0e5019000-7fa0e501a000 ---p 00000000 00:00 0 
7fa0e501a000-7fa0e51c5000 rw-p 00000000 00:00 0 
7fa0e51c5000-7fa0e51e8000 rw-p 00000000 00:00 0 
7fa0e51e8000-7fa0e521b000 ---p 00000000 00:00 0 
7fa0e521b000-7fa0e5221000 rw-p 00000000 00:00 0 
7fa0e5221000-7fa0e5307000 ---p 00000000 00:00 0 
7fa0e5307000-7fa0e5320000 rw-p 00000000 00:00 0 
7fa0e5320000-7fa0e53f2000 ---p 00000000 00:00 0 
7fa0e53f2000-7fa0e53f7000 rw-p 00000000 00:00 0 
7fa0e53f7000-7fa0e53fe000 ---p 00000000 00:00 0 
7fa0e53fe000-7fa0e5422000 r-xp 00000000 00:181a 9223372037562577932      /nix/store/gpxl5qgg8kicmcvivwmybwjlpf7wh20l-graalvm17-ce-22.3.0/lib/libjava.so
7fa0e5422000-7fa0e5423000 ---p 00024000 00:181a 9223372037562577932      /nix/store/gpxl5qgg8kicmcvivwmybwjlpf7wh20l-graalvm17-ce-22.3.0/lib/libjava.so
7fa0e5423000-7fa0e5424000 r--p 00024000 00:181a 9223372037562577932      /nix/store/gpxl5qgg8kicmcvivwmybwjlpf7wh20l-graalvm17-ce-22.3.0/lib/libjava.so
7fa0e5424000-7fa0e5425000 rw-p 00025000 00:181a 9223372037562577932      /nix/store/gpxl5qgg8kicmcvivwmybwjlpf7wh20l-graalvm17-ce-22.3.0/lib/libjava.so
7fa0e5425000-7fa0e5426000 rw-p 00000000 00:00 0 
7fa0e5426000-7fa0e542d000 rw-p 0002f000 00:181a 9223372037562577932      /nix/store/gpxl5qgg8kicmcvivwmybwjlpf7wh20l-graalvm17-ce-22.3.0/lib/libjava.so
7fa0e542d000-7fa0e5435000 rw-s 00000000 00:178 350                       /tmp/hsperfdata_runner/22
7fa0e5435000-7fa0e5436000 ---p 00000000 00:00 0 
7fa0e5436000-7fa0e5437000 r--p 00000000 00:00 0 
7fa0e5437000-7fa0e5438000 rwxp 00000000 00:00 0 
7fa0e5438000-7fa0e5453000 r-xp 00000000 00:181a 9223372037562577936      /nix/store/gpxl5qgg8kicmcvivwmybwjlpf7wh20l-graalvm17-ce-22.3.0/lib/libjimage.so
7fa0e5453000-7fa0e5454000 ---p 0001b000 00:181a 9223372037562577936      /nix/store/gpxl5qgg8kicmcvivwmybwjlpf7wh20l-graalvm17-ce-22.3.0/lib/libjimage.so
7fa0e5454000-7fa0e5456000 r--p 0001b000 00:181a 9223372037562577936      /nix/store/gpxl5qgg8kicmcvivwmybwjlpf7wh20l-graalvm17-ce-22.3.0/lib/libjimage.so
7fa0e5456000-7fa0e5457000 rw-p 0001d000 00:181a 9223372037562577936      /nix/store/gpxl5qgg8kicmcvivwmybwjlpf7wh20l-graalvm17-ce-22.3.0/lib/libjimage.so
7fa0e5457000-7fa0e5458000 rw-p 00024000 00:181a 9223372037562577936      /nix/store/gpxl5qgg8kicmcvivwmybwjlpf7wh20l-graalvm17-ce-22.3.0/lib/libjimage.so
7fa0e5458000-7fa0e545c000 ---p 00000000 00:00 0 
7fa0e545c000-7fa0e5558000 rw-p 00000000 00:00 0 
7fa0e5558000-7fa0e5566000 r--p 00000000 00:181a 9223372037455367831      /nix/store/4nlgxhb09sdr51nc9hdm8az5b08vzkgx-glibc-2.35-163/lib/libm.so.6
7fa0e5566000-7fa0e55d9000 r-xp 0000e000 00:181a 9223372037455367831      /nix/store/4nlgxhb09sdr51nc9hdm8az5b08vzkgx-glibc-2.35-163/lib/libm.so.6
7fa0e55d9000-7fa0e5636000 r--p 00081000 00:181a 9223372037455367831      /nix/store/4nlgxhb09sdr51nc9hdm8az5b08vzkgx-glibc-2.35-163/lib/libm.so.6
7fa0e5636000-7fa0e5637000 r--p 000dd000 00:181a 9223372037455367831      /nix/store/4nlgxhb09sdr51nc9hdm8az5b08vzkgx-glibc-2.35-163/lib/libm.so.6
7fa0e5637000-7fa0e5638000 rw-p 000de000 00:181a 9223372037455367831      /nix/store/4nlgxhb09sdr51nc9hdm8az5b08vzkgx-glibc-2.35-163/lib/libm.so.6
7fa0e5638000-7fa0e5639000 r--p 00000000 00:181a 9223372037455367850      /nix/store/4nlgxhb09sdr51nc9hdm8az5b08vzkgx-glibc-2.35-163/lib/librt.so.1
7fa0e5639000-7fa0e563a000 r-xp 00001000 00:181a 9223372037455367850      /nix/store/4nlgxhb09sdr51nc9hdm8az5b08vzkgx-glibc-2.35-163/lib/librt.so.1
7fa0e563a000-7fa0e563b000 r--p 00002000 00:181a 9223372037455367850      /nix/store/4nlgxhb09sdr51nc9hdm8az5b08vzkgx-glibc-2.35-163/lib/librt.so.1
7fa0e563b000-7fa0e563c000 r--p 00002000 00:181a 9223372037455367850      /nix/store/4nlgxhb09sdr51nc9hdm8az5b08vzkgx-glibc-2.35-163/lib/librt.so.1
7fa0e563c000-7fa0e563d000 rw-p 00003000 00:181a 9223372037455367850      /nix/store/4nlgxhb09sdr51nc9hdm8az5b08vzkgx-glibc-2.35-163/lib/librt.so.1
7fa0e563d000-7fa0e6750000 r-xp 00000000 00:181a 9223372037562748770      /nix/store/gpxl5qgg8kicmcvivwmybwjlpf7wh20l-graalvm17-ce-22.3.0/lib/server/libjvm.so
7fa0e6750000-7fa0e6751000 ---p 01113000 00:181a 9223372037562748770      /nix/store/gpxl5qgg8kicmcvivwmybwjlpf7wh20l-graalvm17-ce-22.3.0/lib/server/libjvm.so
7fa0e6751000-7fa0e6806000 r--p 01113000 00:181a 9223372037562748770      /nix/store/gpxl5qgg8kicmcvivwmybwjlpf7wh20l-graalvm17-ce-22.3.0/lib/server/libjvm.so
7fa0e6806000-7fa0e683a000 rw-p 011c8000 00:181a 9223372037562748770      /nix/store/gpxl5qgg8kicmcvivwmybwjlpf7wh20l-graalvm17-ce-22.3.0/lib/server/libjvm.so
7fa0e683a000-7fa0e6896000 rw-p 00000000 00:00 0 
7fa0e6896000-7fa0e68be000 r--p 00000000 00:181a 9223372037455367822      /nix/store/4nlgxhb09sdr51nc9hdm8az5b08vzkgx-glibc-2.35-163/lib/libc.so.6
7fa0e68be000-7fa0e6a34000 r-xp 00028000 00:181a 9223372037455367822      /nix/store/4nlgxhb09sdr51nc9hdm8az5b08vzkgx-glibc-2.35-163/lib/libc.so.6
7fa0e6a34000-7fa0e6a8c000 r--p 0019e000 00:181a 9223372037455367822      /nix/store/4nlgxhb09sdr51nc9hdm8az5b08vzkgx-glibc-2.35-163/lib/libc.so.6
7fa0e6a8c000-7fa0e6a90000 r--p 001f6000 00:181a 9223372037455367822      /nix/store/4nlgxhb09sdr51nc9hdm8az5b08vzkgx-glibc-2.35-163/lib/libc.so.6
7fa0e6a90000-7fa0e6a92000 rw-p 001fa000 00:181a 9223372037455367822      /nix/store/4nlgxhb09sdr51nc9hdm8az5b08vzkgx-glibc-2.35-163/lib/libc.so.6
7fa0e6a92000-7fa0e6aa1000 rw-p 00000000 00:00 0 
7fa0e6aa1000-7fa0e6aa2000 r--p 00000000 00:181a 9223372037455367827      /nix/store/4nlgxhb09sdr51nc9hdm8az5b08vzkgx-glibc-2.35-163/lib/libdl.so.2
7fa0e6aa2000-7fa0e6aa3000 r-xp 00001000 00:181a 9223372037455367827      /nix/store/4nlgxhb09sdr51nc9hdm8az5b08vzkgx-glibc-2.35-163/lib/libdl.so.2
7fa0e6aa3000-7fa0e6aa4000 r--p 00002000 00:181a 9223372037455367827      /nix/store/4nlgxhb09sdr51nc9hdm8az5b08vzkgx-glibc-2.35-163/lib/libdl.so.2
7fa0e6aa4000-7fa0e6aa5000 r--p 00002000 00:181a 9223372037455367827      /nix/store/4nlgxhb09sdr51nc9hdm8az5b08vzkgx-glibc-2.35-163/lib/libdl.so.2
7fa0e6aa5000-7fa0e6aa6000 rw-p 00003000 00:181a 9223372037455367827      /nix/store/4nlgxhb09sdr51nc9hdm8az5b08vzkgx-glibc-2.35-163/lib/libdl.so.2
7fa0e6aa6000-7fa0e6aa7000 r--p 00000000 00:181a 9223372037455367846      /nix/store/4nlgxhb09sdr51nc9hdm8az5b08vzkgx-glibc-2.35-163/lib/libpthread.so.0
7fa0e6aa7000-7fa0e6aa8000 r-xp 00001000 00:181a 9223372037455367846      /nix/store/4nlgxhb09sdr51nc9hdm8az5b08vzkgx-glibc-2.35-163/lib/libpthread.so.0
7fa0e6aa8000-7fa0e6aa9000 r--p 00002000 00:181a 9223372037455367846      /nix/store/4nlgxhb09sdr51nc9hdm8az5b08vzkgx-glibc-2.35-163/lib/libpthread.so.0
7fa0e6aa9000-7fa0e6aaa000 r--p 00002000 00:181a 9223372037455367846      /nix/store/4nlgxhb09sdr51nc9hdm8az5b08vzkgx-glibc-2.35-163/lib/libpthread.so.0
7fa0e6aaa000-7fa0e6aab000 rw-p 00003000 00:181a 9223372037455367846      /nix/store/4nlgxhb09sdr51nc9hdm8az5b08vzkgx-glibc-2.35-163/lib/libpthread.so.0
7fa0e6aab000-7fa0e6ab9000 r-xp 00000000 00:181a 9223372037562577937      /nix/store/gpxl5qgg8kicmcvivwmybwjlpf7wh20l-graalvm17-ce-22.3.0/lib/libjli.so
7fa0e6ab9000-7fa0e6aba000 ---p 0000e000 00:181a 9223372037562577937      /nix/store/gpxl5qgg8kicmcvivwmybwjlpf7wh20l-graalvm17-ce-22.3.0/lib/libjli.so
7fa0e6aba000-7fa0e6abb000 r--p 0000e000 00:181a 9223372037562577937      /nix/store/gpxl5qgg8kicmcvivwmybwjlpf7wh20l-graalvm17-ce-22.3.0/lib/libjli.so
7fa0e6abb000-7fa0e6abc000 rw-p 0000f000 00:181a 9223372037562577937      /nix/store/gpxl5qgg8kicmcvivwmybwjlpf7wh20l-graalvm17-ce-22.3.0/lib/libjli.so
7fa0e6abc000-7fa0e6abd000 rw-p 00012000 00:181a 9223372037562577937      /nix/store/gpxl5qgg8kicmcvivwmybwjlpf7wh20l-graalvm17-ce-22.3.0/lib/libjli.so
7fa0e6abd000-7fa0e6ac0000 r--p 00000000 00:181a 9223372037533597975      /nix/store/026hln0aq1hyshaxsdvhg0kmcm6yf45r-zlib-1.2.13/lib/libz.so.1.2.13
7fa0e6ac0000-7fa0e6ad2000 r-xp 00003000 00:181a 9223372037533597975      /nix/store/026hln0aq1hyshaxsdvhg0kmcm6yf45r-zlib-1.2.13/lib/libz.so.1.2.13
7fa0e6ad2000-7fa0e6ad9000 r--p 00015000 00:181a 9223372037533597975      /nix/store/026hln0aq1hyshaxsdvhg0kmcm6yf45r-zlib-1.2.13/lib/libz.so.1.2.13
7fa0e6ad9000-7fa0e6ada000 r--p 0001b000 00:181a 9223372037533597975      /nix/store/026hln0aq1hyshaxsdvhg0kmcm6yf45r-zlib-1.2.13/lib/libz.so.1.2.13
7fa0e6ada000-7fa0e6adb000 rw-p 0001c000 00:181a 9223372037533597975      /nix/store/026hln0aq1hyshaxsdvhg0kmcm6yf45r-zlib-1.2.13/lib/libz.so.1.2.13
7fa0e6adb000-7fa0e6add000 rw-p 00000000 00:00 0 
7fa0e6add000-7fa0e6adf000 r--p 00000000 00:181a 9223372037455367816      /nix/store/4nlgxhb09sdr51nc9hdm8az5b08vzkgx-glibc-2.35-163/lib/ld-linux-x86-64.so.2
7fa0e6adf000-7fa0e6b06000 r-xp 00002000 00:181a 9223372037455367816      /nix/store/4nlgxhb09sdr51nc9hdm8az5b08vzkgx-glibc-2.35-163/lib/ld-linux-x86-64.so.2
7fa0e6b06000-7fa0e6b12000 r--p 00029000 00:181a 9223372037455367816      /nix/store/4nlgxhb09sdr51nc9hdm8az5b08vzkgx-glibc-2.35-163/lib/ld-linux-x86-64.so.2
7fa0e6b12000-7fa0e6b14000 r--p 00034000 00:181a 9223372037455367816      /nix/store/4nlgxhb09sdr51nc9hdm8az5b08vzkgx-glibc-2.35-163/lib/ld-linux-x86-64.so.2
7fa0e6b14000-7fa0e6b16000 rw-p 00036000 00:181a 9223372037455367816      /nix/store/4nlgxhb09sdr51nc9hdm8az5b08vzkgx-glibc-2.35-163/lib/ld-linux-x86-64.so.2
7ffde6777000-7ffde679b000 rw-p 00000000 00:00 0                          [stack]
7ffde679d000-7ffde67a1000 r--p 00000000 00:00 0                          [vvar]
7ffde67a1000-7ffde67a3000 r-xp 00000000 00:00 0                          [vdso]
ffffffffff600000-ffffffffff601000 --xp 00000000 00:00 0                  [vsyscall]


VM Arguments:
jvm_args: -XX:ThreadPriorityPolicy=1 -XX:+UnlockExperimentalVMOptions -XX:+EnableJVMCIProduct -XX:JVMCIThreadsPerNativeLibraryRuntime=1 -XX:-UnlockExperimentalVMOptions -Declipse.application=org.eclipse.jdt.ls.core.id1 -Dosgi.bundles.defaultStartLevel=4 -Declipse.product=org.eclipse.jdt.ls.core.product -Dlog.level=ALL -Xverify:none -XX:+UseParallelGC -XX:GCTimeRatio=4 -XX:AdaptiveSizePolicyWeight=90 -Dsun.zip.disableMemoryMapping=true -Xmx512m -Xms100m 
java_command: /nix/store/m6gcpi1ii6rghy04cjwjddcavv7i90df-jdt-language-server-1.9.0/share/java/plugins/org.eclipse.equinox.launcher_1.6.400.v20210924-0641.jar --add-modules=ALL-SYSTEM --add-opens java.base/java.util=ALL-UNNAMED --add-opens java.base/java.lang=ALL-UNNAMED -configuration /home/runner/.cache/jdt-language-server/config -data /home/runner/.cache/jdt-language-server/data/home/runner/TrabalhoPOO
java_class_path (initial): /nix/store/m6gcpi1ii6rghy04cjwjddcavv7i90df-jdt-language-server-1.9.0/share/java/plugins/org.eclipse.equinox.launcher_1.6.400.v20210924-0641.jar
Launcher Type: SUN_STANDARD

[Global flags]
    uintx AdaptiveSizePolicyWeight                 = 90                                        {product} {command line}
     intx CICompilerCount                          = 2                                         {product} {ergonomic}
     bool EnableJVMCIProduct                       = true                                {JVMCI product} {jimage}
    uintx GCTimeRatio                              = 4                                         {product} {command line}
   size_t InitialHeapSize                          = 104857600                                 {product} {command line}
     uint JVMCIThreadsPerNativeLibraryRuntime      = 1                                   {JVMCI product} {jimage}
   size_t MaxHeapSize                              = 536870912                                 {product} {command line}
   size_t MaxNewSize                               = 178782208                                 {product} {ergonomic}
   size_t MinHeapDeltaBytes                        = 524288                                    {product} {ergonomic}
   size_t MinHeapSize                              = 104857600                                 {product} {command line}
   size_t NewSize                                  = 34603008                                  {product} {ergonomic}
    uintx NonNMethodCodeHeapSize                   = 5826188                                {pd product} {ergonomic}
    uintx NonProfiledCodeHeapSize                  = 122916026                              {pd product} {ergonomic}
   size_t OldSize                                  = 70254592                                  {product} {ergonomic}
    uintx ProfiledCodeHeapSize                     = 122916026                              {pd product} {ergonomic}
    uintx ReservedCodeCacheSize                    = 251658240                              {pd product} {ergonomic}
     bool SegmentedCodeCache                       = true                                      {product} {ergonomic}
   size_t SoftMaxHeapSize                          = 536870912                              {manageable} {ergonomic}
     intx ThreadPriorityPolicy                     = 1                                         {product} {jimage}
     bool UseCompressedClassPointers               = true                           {product lp64_product} {ergonomic}
     bool UseCompressedOops                        = true                           {product lp64_product} {ergonomic}
     bool UseParallelGC                            = true                                      {product} {command line}

Logging:
Log output configuration:
 #0: stdout all=warning uptime,level,tags
 #1: stderr all=off uptime,level,tags

Environment Variables:
JAVA_HOME=/nix/store/gpxl5qgg8kicmcvivwmybwjlpf7wh20l-graalvm17-ce-22.3.0
PATH=/nix/store/1d6ian3r8kdzspw8hacjhl3xkp40g1lj-binutils-wrapper-2.39/bin:/nix/store/dq0xwmsk1g0i2ayg6pb7y87na2knzylh-gcc-wrapper-11.3.0/bin:/nix/store/bap4d0lpcrhpwmpb8ayjcgkmvfj62lnq-bash-interactive-5.1-p16/bin:/nix/store/pr5n59mb4jzmfx6kanwxly0l07p861fg-patchelf-0.15.0/bin:/nix/store/1gf2flfqnpqbr1b4p4qz2f72y42bs56r-gcc-11.3.0/bin:/nix/store/57xv61c5zi8pphjbcwxxjlgc34p61ic9-glibc-2.35-163-bin/bin:/nix/store/a7gvj343m05j2s32xcnwr35v31ynlypr-coreutils-9.1/bin:/nix/store/039g378vc3pc3dvi9dzdlrd0i4q93qwf-binutils-2.39/bin:/nix/store/gpxl5qgg8kicmcvivwmybwjlpf7wh20l-graalvm17-ce-22.3.0/bin:/nix/store/6z9ag3ihc8mq2hzsw48lhbznvzny65nz-apache-maven-3.8.6/bin:/nix/store/m6gcpi1ii6rghy04cjwjddcavv7i90df-jdt-language-server-1.9.0/bin:/nix/store/84xs5alhs01zrbr4ywm05kxbjbp5590l-java-debug/bin:/nix/store/mydc6f4k2z73xlcz7ilif3v2lcaiqvza-findutils-4.9.0/bin:/nix/store/j9p3g8472iijd50vhdprx0nmk2fqn5gv-diffutils-3.8/bin:/nix/store/89zs7rms6x00xfq4dq6m7mjnhkr8a6r4-gnused-4.8/bin:/nix/store/86bp03jkmsl6f92w0yzg4s59g5mhxwmy-gnugrep-3.7/bin:/nix/store/hwcdqw4jrjnd37wxqgsd47hd0j8bnj09-gawk-5.1.1/bin:/nix/store/cfbhw8r8ags41vwqaz47r583d0p4h4a1-gnutar-1.34/bin:/nix/store/p3m1ndl1lapwrlh698bnb5lvvxh67378-gzip-1.12/bin:/nix/store/a8mhcagrsly7c7mpjrpsnaahk4aax056-bzip2-1.0.8-bin/bin:/nix/store/mblgz65m3zv9x548a3d5m96fj2pbwr09-gnumake-4.3/bin:/nix/store/dsd5gz46hdbdk2rfdimqddhq6m8m8fqs-bash-5.1-p16/bin:/nix/store/v7ljksji50mg3w61dykaa3n3y79n6nil-patch-2.7.6/bin:/nix/store/zlcnmqq14jz5x9439jf937mvayyl63da-xz-5.2.7-bin/bin:/nix/store/y6aj732zm9m87c82fpvf103a1xb22blp-file-5.43/bin:/nix/store/sgqd0ajghcv2axfl1lad0b1alyavp0dc-prybar-elisp-0.0.0-67f7a00/bin:/nix/store/p3hsvljpgs68jqwar41lc0jqhjj734lf-prybar-lua-0.0.0-67f7a00/bin:/nix/store/qzxs2gybds3s9kb1vkaflpgm2nwr85fh-prybar-python3-0.0.0-67f7a00/bin:/nix/store/km94z9mxp8w4m8gxxp5mbfpdf3nkfvd8-prybar-sqlite-0.0.0-67f7a00/bin:/nix/store/2pnc7b76asw0z59c4l6h6qy8arwqrii1-prybar-tcl-0.0.0-67f7a00/bin:/nix/store/hpbvrlwd5viqmvcaisb3x0118i913a9n-st
LD_LIBRARY_PATH=/nix/store/a4pff549sk2idnkpzk5nsfps3mdkdnvm-cups-2.4.2-lib/lib:/nix/store/72mqxxhh3cy5yifh92wh2yb8cl2hikyy-cairo-1.16.0/lib:/nix/store/2k366jrbsra97gjfxwvrhvixjfxdach5-glib-2.74.1/lib:/nix/store/2j2znigd8ak37rlwh9khz0ry3clqlw1l-gtk+3-3.24.34/lib:/nix/store/hisqvx32cd57apbpcsnkpx6k3549wql1-libglvnd-1.4.0/lib:/nix/store/p36pgcv991mq5srvg765b78yqpxvk3qs-mesa-21.3.3-drivers/lib:/nix/store/mav4251if1ahjq5vkpwycyyvnmy459c4-pulseaudio-14.2/lib
DISPLAY=:0
LANG=en_US.UTF-8

Signal Handlers:
   SIGSEGV: crash_handler in libjvm.so, mask=11100100010111111101111111111110, flags=SA_RESTART|SA_SIGINFO
    SIGBUS: crash_handler in libjvm.so, mask=11100100010111111101111111111110, flags=SA_RESTART|SA_SIGINFO
    SIGFPE: crash_handler in libjvm.so, mask=11100100010111111101111111111110, flags=SA_RESTART|SA_SIGINFO
   SIGPIPE: IsolateEnterStub_IgnoreSIGPIPEStartupHook_noopSignalHandler_8f19bff2f35b5f630d83b364d6b2339320d4ec70_216e8361c6bc87a8f89f58cc10d3b2fd4415bf87 in libjvmcicompiler.so, mask=00000000000000000000000000000000, flags=SA_RESTART
  *** Handler was modified!
  *** Expected: javaSignalHandler in libjvm.so, mask=11100100110111111111111111111110, flags=SA_RESTART|SA_SIGINFO
   SIGXFSZ: javaSignalHandler in libjvm.so, mask=11100100010111111101111111111110, flags=SA_RESTART|SA_SIGINFO
    SIGILL: crash_handler in libjvm.so, mask=11100100010111111101111111111110, flags=SA_RESTART|SA_SIGINFO
   SIGUSR2: SR_handler in libjvm.so, mask=00000000000000000000000000000000, flags=SA_RESTART|SA_SIGINFO
    SIGHUP: UserHandler in libjvm.so, mask=11100100010111111101111111111110, flags=SA_RESTART|SA_SIGINFO
    SIGINT: UserHandler in libjvm.so, mask=11100100010111111101111111111110, flags=SA_RESTART|SA_SIGINFO
   SIGTERM: UserHandler in libjvm.so, mask=11100100010111111101111111111110, flags=SA_RESTART|SA_SIGINFO
   SIGQUIT: UserHandler in libjvm.so, mask=11100100010111111101111111111110, flags=SA_RESTART|SA_SIGINFO
  *** Handler was modified!
  *** Expected: javaSignalHandler in libjvm.so, mask=11100100110111111111111111111110, flags=SA_RESTART|SA_SIGINFO
   SIGTRAP: crash_handler in libjvm.so, mask=11100100010111111101111111111110, flags=SA_RESTART|SA_SIGINFO


---------------  S Y S T E M  ---------------

OS:
DISTRIB_ID=Ubuntu
DISTRIB_RELEASE=20.04
DISTRIB_CODENAME=focal
DISTRIB_DESCRIPTION="Ubuntu 20.04.2 LTS"
uname: Linux 5.15.0-1027-gcp #34~20.04.1-Ubuntu SMP Mon Jan 9 18:40:09 UTC 2023 x86_64
OS uptime: 0 days 18:12 hours
libc: glibc 2.35 NPTL 2.35 
rlimit (soft/hard): STACK 8192k/infinity , CORE infinity/infinity , NPROC infinity/infinity , NOFILE 5242/5242 , AS infinity/infinity , CPU infinity/infinity , DATA infinity/infinity , FSIZE infinity/infinity , MEMLOCK 64k/64k
load average: 9.69 11.55 11.62

/proc/meminfo:
MemTotal:       65852736 kB
MemFree:        24235680 kB
MemAvailable:   47770160 kB
Buffers:         3537900 kB
Cached:         18200964 kB
SwapCached:            0 kB
Active:         11752676 kB
Inactive:       25459572 kB
Active(anon):      13028 kB
Inactive(anon): 15132092 kB
Active(file):   11739648 kB
Inactive(file): 10327480 kB
Unevictable:       43828 kB
Mlocked:           43828 kB
SwapTotal:             0 kB
SwapFree:              0 kB
Dirty:             68976 kB
Writeback:          3316 kB
AnonPages:      13368976 kB
Mapped:          1626024 kB
Shmem:             37204 kB
KReclaimable:    2193952 kB
Slab:            3456740 kB
SReclaimable:    2193952 kB
SUnreclaim:      1262788 kB
KernelStack:      381472 kB
PageTables:       124096 kB
NFS_Unstable:          0 kB
Bounce:                0 kB
WritebackTmp:          0 kB
CommitLimit:    32926368 kB
Committed_AS:   58168004 kB
VmallocTotal:   34359738367 kB
VmallocUsed:      418404 kB
VmallocChunk:          0 kB
Percpu:            61760 kB
HardwareCorrupted:     0 kB
AnonHugePages:    745472 kB
ShmemHugePages:        0 kB
ShmemPmdMapped:        0 kB
FileHugePages:         0 kB
FilePmdMapped:         0 kB
HugePages_Total:       0
HugePages_Free:        0
HugePages_Rsvd:        0
HugePages_Surp:        0
Hugepagesize:       2048 kB
Hugetlb:               0 kB
DirectMap4k:     5126976 kB
DirectMap2M:    47298560 kB
DirectMap1G:    16777216 kB

/sys/kernel/mm/transparent_hugepage/enabled: always [madvise] never
/sys/kernel/mm/transparent_hugepage/defrag (defrag/compaction efforts parameter): always defer defer+madvise [madvise] never

Process Memory:
Virtual Size: 4506236K (peak: 4599612K)
Resident Set Size: 731756K (peak: 766488K) (anon: 534436K, file: 197320K, shmem: 0K)
Swapped out: 0K
C-Heap outstanding allocations: 37702K, retained: 7069K
glibc malloc tunables: (default)

/proc/sys/kernel/threads-max (system-wide limit on the number of threads): 514406
/proc/sys/vm/max_map_count (maximum number of memory map areas a process may have): 65530
/proc/sys/kernel/pid_max (system-wide limit on number of process identifiers): 4194304

container (cgroup) information:
container_type: cgroupv1
cpu_cpuset_cpus: 2-7
cpu_memory_nodes: 0
active_processor_count: 1
cpu_quota: 50000
cpu_period: 100000
cpu_shares: 512
memory_limit_in_bytes: 1048576 k
memory_and_swap_limit_in_bytes: 1048576 k
memory_soft_limit_in_bytes: 524288 k
memory_usage_in_bytes: 562320 k
memory_max_usage_in_bytes: 591328 k
maximum number of tasks: 1000
current number of tasks: 44

KVM virtualization detected
Steal ticks since vm start: 0
Steal ticks percentage since vm start:  0.000

CPU: total 8 (initial active 1) (8 cores per cpu, 2 threads per core) family 23 model 49 stepping 0 microcode 0xffffffff, cx8, cmov, fxsr, ht, mmx, 3dnowpref, sse, sse2, sse3, ssse3, sse4a, sse4.1, sse4.2, popcnt, lzcnt, tsc, tscinvbit, avx, avx2, aes, clmul, bmi1, bmi2, adx, sha, fma, vzeroupper, clflush, clflushopt, hv
CPU Model and flags from /proc/cpuinfo:
model name	: AMD EPYC 7B12
flags		: fpu vme de pse tsc msr pae mce cx8 apic sep mtrr pge mca cmov pat pse36 clflush mmx fxsr sse sse2 ht syscall nx mmxext fxsr_opt pdpe1gb rdtscp lm constant_tsc rep_good nopl nonstop_tsc cpuid extd_apicid tsc_known_freq pni pclmulqdq ssse3 fma cx16 sse4_1 sse4_2 movbe popcnt aes xsave avx f16c rdrand hypervisor lahf_lm cmp_legacy cr8_legacy abm sse4a misalignsse 3dnowprefetch osvw topoext ssbd ibrs ibpb stibp vmmcall fsgsbase tsc_adjust bmi1 avx2 smep bmi2 rdseed adx smap clflushopt clwb sha_ni xsaveopt xsavec xgetbv1 clzero xsaveerptr arat npt nrip_save umip rdpid

Online cpus: 0-7
Offline cpus: 
BIOS frequency limitation: <Not Available>
Frequency switch latency (ns): <Not Available>
Available cpu frequencies: <Not Available>
Current governor: <Not Available>
Core performance/turbo boost: <Not Available>

Memory: 4k page, physical 1048576k(486252k free), swap 0k(0k free)
Page Sizes: 4k

vm_info: OpenJDK 64-Bit Server VM (17.0.5+8-jvmci-22.3-b08) for linux-amd64 JRE (17.0.5+8-jvmci-22.3-b08), built on Oct 19 2022 09:01:27 by "buildslave" with gcc 10.3.0

END.
